#
# A fatal error has been detected by the Java Runtime Environment:
#
#  EXCEPTION_ACCESS_VIOLATION (0xc0000005) at pc=0x00007ff9d546961a, pid=5592, tid=19720
#
# JRE version: OpenJDK Runtime Environment AdoptOpenJDK (14.0.2+12) (build 14.0.2+12)
# Java VM: OpenJDK 64-Bit Server VM AdoptOpenJDK (14.0.2+12, mixed mode, sharing, tiered, compressed oops, g1 gc, windows-amd64)
# Problematic frame:
# C  [ig75icd64.dll+0x21961a]
#
# No core dump will be written. Minidumps are not enabled by default on client versions of Windows
#
# If you would like to submit a bug report, please visit:
#   https://github.com/AdoptOpenJDK/openjdk-support/issues
# The crash happened outside the Java Virtual Machine in native code.
# See problematic frame for where to report the bug.
#

---------------  S U M M A R Y ------------

Command Line: -Dfile.encoding=windows-1252 -Duser.country=US -Duser.language=en -Duser.variant educanet.Main

Host: Intel(R) Core(TM) i7-4600U CPU @ 2.10GHz, 4 cores, 11G,  Windows 10 , 64 bit Build 19041 (10.0.19041.1023)
Time: Fri Jun  4 10:02:46 2021 Central Europe Daylight Time elapsed time: 1 seconds (0d 0h 0m 1s)

---------------  T H R E A D  ---------------

Current thread (0x000001cddcd42000):  JavaThread "main" [_thread_in_native, id=19720, stack(0x0000009c46600000,0x0000009c46700000)]

Stack: [0x0000009c46600000,0x0000009c46700000],  sp=0x0000009c466fc290,  free space=1008k
Native frames: (J=compiled Java code, j=interpreted, Vv=VM code, C=native code)
C  [ig75icd64.dll+0x21961a]

Java frames: (J=compiled Java code, j=interpreted, Vv=VM code)
j  org.lwjgl.opengl.GL11C.nglDrawElements(IIIJ)V+0
j  org.lwjgl.opengl.GL11C.glDrawElements(IIIJ)V+4
j  org.lwjgl.opengl.GL11.glDrawElements(IIIJ)V+4
j  educanet.Game.render(J)V+24
j  educanet.Main.main([Ljava/lang/String;)V+119
v  ~StubRoutines::call_stub

siginfo: EXCEPTION_ACCESS_VIOLATION (0xc0000005), reading address 0xffffffffffffffff


Register to memory mapping:

RIP=0x00007ff9d546961a ig75icd64.dll
RAX=0x000001cdc0dd7000 points into unknown readable memory: 06 14 14 00 00 00 00 00
RBX=0x656d656c45776222 is an unknown value
RCX=0x0000000000004d28 is an unknown value
RDX=0x656d656c45776222 is an unknown value
RSP=0x0000009c466fc290 is pointing into the stack for thread: 0x000001cddcd42000
RBP=0x0000009c466fc390 is pointing into the stack for thread: 0x000001cddcd42000
RSI=0x000001cd8065a880 points into unknown readable memory: 80 00 52 80 cd 01 00 00
RDI=0x000000000000000b is an unknown value
R8 =0x0 is NULL
R9 =0x000001cdfe904180 points into unknown readable memory: 00 00 00 00 00 00 00 00
R10=0x00007ff9d5cf6fc0 ig75icd64.dll
R11=0x000001cdc51fa850 points into unknown readable memory: 05 00 00 00 61 00 6d 00
R12=0x0 is NULL
R13=0x656d656c45776172 is an unknown value
R14=0x000001cd805ecd00 points into unknown readable memory: 00 00 00 00 00 00 00 00
R15=0x0000000000000001 is an unknown value


Registers:
RAX=0x000001cdc0dd7000, RBX=0x656d656c45776222, RCX=0x0000000000004d28, RDX=0x656d656c45776222
RSP=0x0000009c466fc290, RBP=0x0000009c466fc390, RSI=0x000001cd8065a880, RDI=0x000000000000000b
R8 =0x0000000000000000, R9 =0x000001cdfe904180, R10=0x00007ff9d5cf6fc0, R11=0x000001cdc51fa850
R12=0x0000000000000000, R13=0x656d656c45776172, R14=0x000001cd805ecd00, R15=0x0000000000000001
RIP=0x00007ff9d546961a, EFLAGS=0x0000000000010206

Top of Stack: (sp=0x0000009c466fc290)
0x0000009c466fc290:   000001cd8083a8e0 000000000264c000
0x0000009c466fc2a0:   000001cd8083a830 000001cd8083a8e0
0x0000009c466fc2b0:   0000009c00000000 000001cd0000000a
0x0000009c466fc2c0:   00007ffa377514d0 000001cddcd42750
0x0000009c466fc2d0:   00007ff9e07e9a98 0000000b00004d44
0x0000009c466fc2e0:   0000000000004d40 0000000000000001
0x0000009c466fc2f0:   000001cdc51f9fc8 000001cd00000001
0x0000009c466fc300:   000001cdc51fa850 000001cdfe7b3ef0
0x0000009c466fc310:   000001cdfe904180 000000000000003f
0x0000009c466fc320:   000001cdc51f3120 0000000000000000
0x0000009c466fc330:   0000009cfffffff0 000001cd00000002
0x0000009c466fc340:   00007ff9e07457d0 000001cdc0dd7000
0x0000009c466fc350:   000001cdc0ddbd4c 0000000000000000
0x0000009c466fc360:   0000000000000000 000001cdc0ddbd28
0x0000009c466fc370:   0000009cfffffff0 000001cddac00000
0x0000009c466fc380:   00007ff9e07457d0 0000000000000008 

Instructions: (pc=0x00007ff9d546961a)
0x00007ff9d546951a:   4d 80 4c 89 30 41 c7 45 18 00 00 00 00 4c 8b 15
0x00007ff9d546952a:   c2 54 85 00 8b 5c 24 50 8b 7d 88 4c 8b b6 00 eb
0x00007ff9d546953a:   02 00 41 83 ba 50 02 00 00 14 0f 8c 54 07 00 00
0x00007ff9d546954a:   41 8d 7f 0a 89 7c 24 4c 49 8b 46 28 48 89 45 b8
0x00007ff9d546955a:   45 8b 86 20 02 02 00 49 8d 9d b0 00 00 00 41 83
0x00007ff9d546956a:   f8 10 73 09 4b 8d 14 40 e9 97 00 00 00 41 8d 50
0x00007ff9d546957a:   f0 8b c2 c1 e8 04 83 f8 03 73 27 83 e2 0f 8b c8
0x00007ff9d546958a:   48 03 c0 80 bc c3 08 03 00 00 00 74 64 48 8d 41
0x00007ff9d546959a:   30 48 03 c0 48 8d 14 52 48 c1 e2 04 48 03 14 c3
0x00007ff9d54695aa:   eb 69 0f 10 83 30 03 00 00 0f 10 c8 0f 11 44 24
0x00007ff9d54695ba:   30 66 0f 73 d9 08 66 0f 7e c8 84 c0 74 33 0f 1f
0x00007ff9d54695ca:   84 00 00 00 00 00 48 8b 54 24 30 44 39 02 74 1b
0x00007ff9d54695da:   0f 10 42 38 0f 10 c8 0f 11 44 24 30 66 0f 73 d9
0x00007ff9d54695ea:   08 66 0f 7e c8 84 c0 75 dd eb 06 48 83 c2 08 eb
0x00007ff9d54695fa:   1a 80 bb 40 03 00 00 00 74 1f 41 8b c0 83 e0 0f
0x00007ff9d546960a:   48 8d 14 40 48 c1 e2 04 48 03 d3 48 85 d2 74 09
0x00007ff9d546961a:   48 8b 42 08 45 33 ff eb 06 45 33 ff 41 8b c7 4d
0x00007ff9d546962a:   8b 8e 78 02 02 00 49 3b c1 0f 87 d7 00 00 00 41
0x00007ff9d546963a:   83 f8 10 73 09 4b 8d 14 40 e9 96 00 00 00 41 8d
0x00007ff9d546964a:   50 f0 8b c2 c1 e8 04 83 f8 03 73 27 83 e2 0f 8b
0x00007ff9d546965a:   c8 48 03 c0 80 bc c3 08 03 00 00 00 74 63 48 8d
0x00007ff9d546966a:   41 30 48 03 c0 48 8d 14 52 48 c1 e2 04 48 03 14
0x00007ff9d546967a:   c3 eb 68 0f 10 83 30 03 00 00 0f 10 c8 0f 11 44
0x00007ff9d546968a:   24 30 66 0f 73 d9 08 66 0f 7e c8 84 c0 74 32 0f
0x00007ff9d546969a:   1f 80 00 00 00 00 48 8b 54 24 30 44 39 02 74 1b
0x00007ff9d54696aa:   0f 10 42 38 0f 10 c8 0f 11 44 24 30 66 0f 73 d9
0x00007ff9d54696ba:   08 66 0f 7e c8 84 c0 75 dd eb 06 48 83 c2 08 eb
0x00007ff9d54696ca:   1a 80 bb 40 03 00 00 00 74 1b 41 8b c0 83 e0 0f
0x00007ff9d54696da:   48 8d 14 40 48 c1 e2 04 48 03 d3 48 85 d2 74 05
0x00007ff9d54696ea:   48 8b 02 eb 03 49 8b c7 49 3b c1 77 19 49 8b 4d
0x00007ff9d54696fa:   08 e8 a0 84 38 00 8b c0 49 01 86 f0 02 02 00 4c
0x00007ff9d546970a:   8b 15 e0 52 85 00 41 83 ba 28 05 00 00 01 75 23 


Stack slot to memory mapping:
stack at sp + 0 slots: 0x000001cd8083a8e0 points into unknown readable memory: c0 00 00 00 00 00 00 00
stack at sp + 1 slots: 0x000000000264c000 is an unknown value
stack at sp + 2 slots: 0x000001cd8083a830 points into unknown readable memory: 20 1b 90 fe cd 01 00 00
stack at sp + 3 slots: 0x000001cd8083a8e0 points into unknown readable memory: c0 00 00 00 00 00 00 00
stack at sp + 4 slots: 0x0000009c00000000 is an unknown value
stack at sp + 5 slots: 0x000001cd0000000a is an unknown value
stack at sp + 6 slots: 0x00007ffa377514d0 java.dll
stack at sp + 7 slots: 0x000001cddcd42750 points into unknown readable memory: 00 00 00 00 00 00 00 00


---------------  P R O C E S S  ---------------

Threads class SMR info:
_java_thread_list=0x000001cdfe636390, length=11, elements={
0x000001cddcd42000, 0x000001cdfdc1e000, 0x000001cdfdc1f000, 0x000001cdfe53e800,
0x000001cdfe541800, 0x000001cdfe547800, 0x000001cdfe54d000, 0x000001cdfe556800,
0x000001cdfe5c8800, 0x000001cdfe6a9000, 0x000001cdfe6bc800
}

Java Threads: ( => current thread )
=>0x000001cddcd42000 JavaThread "main" [_thread_in_native, id=19720, stack(0x0000009c46600000,0x0000009c46700000)]
  0x000001cdfdc1e000 JavaThread "Reference Handler" daemon [_thread_blocked, id=21408, stack(0x0000009c46d00000,0x0000009c46e00000)]
  0x000001cdfdc1f000 JavaThread "Finalizer" daemon [_thread_blocked, id=20416, stack(0x0000009c46e00000,0x0000009c46f00000)]
  0x000001cdfe53e800 JavaThread "Signal Dispatcher" daemon [_thread_blocked, id=8260, stack(0x0000009c46f00000,0x0000009c47000000)]
  0x000001cdfe541800 JavaThread "Attach Listener" daemon [_thread_blocked, id=9680, stack(0x0000009c47000000,0x0000009c47100000)]
  0x000001cdfe547800 JavaThread "Service Thread" daemon [_thread_blocked, id=19240, stack(0x0000009c47100000,0x0000009c47200000)]
  0x000001cdfe54d000 JavaThread "C2 CompilerThread0" daemon [_thread_blocked, id=21376, stack(0x0000009c47200000,0x0000009c47300000)]
  0x000001cdfe556800 JavaThread "C1 CompilerThread0" daemon [_thread_blocked, id=14984, stack(0x0000009c47300000,0x0000009c47400000)]
  0x000001cdfe5c8800 JavaThread "Sweeper thread" daemon [_thread_blocked, id=12940, stack(0x0000009c47400000,0x0000009c47500000)]
  0x000001cdfe6a9000 JavaThread "Notification Thread" daemon [_thread_blocked, id=14196, stack(0x0000009c47500000,0x0000009c47600000)]
  0x000001cdfe6bc800 JavaThread "Common-Cleaner" daemon [_thread_blocked, id=11436, stack(0x0000009c47700000,0x0000009c47800000)]

Other Threads:
  0x000001cdfdc1c000 VMThread "VM Thread" [stack: 0x0000009c46c00000,0x0000009c46d00000] [id=10452]
  0x000001cdfe6b1800 WatcherThread [stack: 0x0000009c47600000,0x0000009c47700000] [id=15140]
  0x000001cddcd95800 GCTaskThread "GC Thread#0" [stack: 0x0000009c46700000,0x0000009c46800000] [id=12148]
  0x000001cd8097c000 GCTaskThread "GC Thread#1" [stack: 0x0000009c47f00000,0x0000009c48000000] [id=19532]
  0x000001cd808d6000 GCTaskThread "GC Thread#2" [stack: 0x0000009c48000000,0x0000009c48100000] [id=1268]
  0x000001cd80a27000 GCTaskThread "GC Thread#3" [stack: 0x0000009c48100000,0x0000009c48200000] [id=17760]
  0x000001cddcdae800 ConcurrentGCThread "G1 Main Marker" [stack: 0x0000009c46800000,0x0000009c46900000] [id=20648]
  0x000001cddcdb0000 ConcurrentGCThread "G1 Conc#0" [stack: 0x0000009c46900000,0x0000009c46a00000] [id=1624]
  0x000001cdfda8a800 ConcurrentGCThread "G1 Refine#0" [stack: 0x0000009c46a00000,0x0000009c46b00000] [id=13288]
  0x000001cdfda8c800 ConcurrentGCThread "G1 Young RemSet Sampling" [stack: 0x0000009c46b00000,0x0000009c46c00000] [id=11040]

Threads with active compile tasks:

VM state:not at safepoint (normal execution)

VM Mutex/Monitor currently owned by a thread: None

Heap address: 0x0000000744e00000, size: 2994 MB, Compressed Oops mode: Zero based, Oop shift amount: 3
Narrow klass base: 0x0000000800000000, Narrow klass shift: 3
Compressed class space size: 1073741824 Address: 0x0000000800b30000

Heap:
 garbage-first heap   total 192512K, used 6670K [0x0000000744e00000, 0x0000000800000000)
  region size 1024K, 9 young (9216K), 2 survivors (2048K)
 Metaspace       used 6626K, capacity 9602K, committed 9856K, reserved 1058816K
  class space    used 319K, capacity 633K, committed 640K, reserved 1048576K
Heap Regions: E=young(eden), S=young(survivor), O=old, HS=humongous(starts), HC=humongous(continues), CS=collection set, F=free, OA=open archive, CA=closed archive, TAMS=top-at-mark-start (previous, next)
|   0|0x0000000744e00000, 0x0000000744e00000, 0x0000000744f00000|  0%| F|  |TAMS 0x0000000744e00000, 0x0000000744e00000| Untracked 
|   1|0x0000000744f00000, 0x0000000744f00000, 0x0000000745000000|  0%| F|  |TAMS 0x0000000744f00000, 0x0000000744f00000| Untracked 
|   2|0x0000000745000000, 0x0000000745000000, 0x0000000745100000|  0%| F|  |TAMS 0x0000000745000000, 0x0000000745000000| Untracked 
|   3|0x0000000745100000, 0x0000000745100000, 0x0000000745200000|  0%| F|  |TAMS 0x0000000745100000, 0x0000000745100000| Untracked 
|   4|0x0000000745200000, 0x0000000745200000, 0x0000000745300000|  0%| F|  |TAMS 0x0000000745200000, 0x0000000745200000| Untracked 
|   5|0x0000000745300000, 0x0000000745300000, 0x0000000745400000|  0%| F|  |TAMS 0x0000000745300000, 0x0000000745300000| Untracked 
|   6|0x0000000745400000, 0x0000000745400000, 0x0000000745500000|  0%| F|  |TAMS 0x0000000745400000, 0x0000000745400000| Untracked 
|   7|0x0000000745500000, 0x0000000745500000, 0x0000000745600000|  0%| F|  |TAMS 0x0000000745500000, 0x0000000745500000| Untracked 
|   8|0x0000000745600000, 0x0000000745600000, 0x0000000745700000|  0%| F|  |TAMS 0x0000000745600000, 0x0000000745600000| Untracked 
|   9|0x0000000745700000, 0x0000000745700000, 0x0000000745800000|  0%| F|  |TAMS 0x0000000745700000, 0x0000000745700000| Untracked 
|  10|0x0000000745800000, 0x0000000745800000, 0x0000000745900000|  0%| F|  |TAMS 0x0000000745800000, 0x0000000745800000| Untracked 
|  11|0x0000000745900000, 0x0000000745900000, 0x0000000745a00000|  0%| F|  |TAMS 0x0000000745900000, 0x0000000745900000| Untracked 
|  12|0x0000000745a00000, 0x0000000745a00000, 0x0000000745b00000|  0%| F|  |TAMS 0x0000000745a00000, 0x0000000745a00000| Untracked 
|  13|0x0000000745b00000, 0x0000000745b00000, 0x0000000745c00000|  0%| F|  |TAMS 0x0000000745b00000, 0x0000000745b00000| Untracked 
|  14|0x0000000745c00000, 0x0000000745c00000, 0x0000000745d00000|  0%| F|  |TAMS 0x0000000745c00000, 0x0000000745c00000| Untracked 
|  15|0x0000000745d00000, 0x0000000745d00000, 0x0000000745e00000|  0%| F|  |TAMS 0x0000000745d00000, 0x0000000745d00000| Untracked 
|  16|0x0000000745e00000, 0x0000000745e00000, 0x0000000745f00000|  0%| F|  |TAMS 0x0000000745e00000, 0x0000000745e00000| Untracked 
|  17|0x0000000745f00000, 0x0000000745f00000, 0x0000000746000000|  0%| F|  |TAMS 0x0000000745f00000, 0x0000000745f00000| Untracked 
|  18|0x0000000746000000, 0x0000000746000000, 0x0000000746100000|  0%| F|  |TAMS 0x0000000746000000, 0x0000000746000000| Untracked 
|  19|0x0000000746100000, 0x0000000746100000, 0x0000000746200000|  0%| F|  |TAMS 0x0000000746100000, 0x0000000746100000| Untracked 
|  20|0x0000000746200000, 0x0000000746200000, 0x0000000746300000|  0%| F|  |TAMS 0x0000000746200000, 0x0000000746200000| Untracked 
|  21|0x0000000746300000, 0x0000000746300000, 0x0000000746400000|  0%| F|  |TAMS 0x0000000746300000, 0x0000000746300000| Untracked 
|  22|0x0000000746400000, 0x0000000746400000, 0x0000000746500000|  0%| F|  |TAMS 0x0000000746400000, 0x0000000746400000| Untracked 
|  23|0x0000000746500000, 0x0000000746500000, 0x0000000746600000|  0%| F|  |TAMS 0x0000000746500000, 0x0000000746500000| Untracked 
|  24|0x0000000746600000, 0x0000000746600000, 0x0000000746700000|  0%| F|  |TAMS 0x0000000746600000, 0x0000000746600000| Untracked 
|  25|0x0000000746700000, 0x0000000746700000, 0x0000000746800000|  0%| F|  |TAMS 0x0000000746700000, 0x0000000746700000| Untracked 
|  26|0x0000000746800000, 0x0000000746800000, 0x0000000746900000|  0%| F|  |TAMS 0x0000000746800000, 0x0000000746800000| Untracked 
|  27|0x0000000746900000, 0x0000000746900000, 0x0000000746a00000|  0%| F|  |TAMS 0x0000000746900000, 0x0000000746900000| Untracked 
|  28|0x0000000746a00000, 0x0000000746a00000, 0x0000000746b00000|  0%| F|  |TAMS 0x0000000746a00000, 0x0000000746a00000| Untracked 
|  29|0x0000000746b00000, 0x0000000746b00000, 0x0000000746c00000|  0%| F|  |TAMS 0x0000000746b00000, 0x0000000746b00000| Untracked 
|  30|0x0000000746c00000, 0x0000000746c00000, 0x0000000746d00000|  0%| F|  |TAMS 0x0000000746c00000, 0x0000000746c00000| Untracked 
|  31|0x0000000746d00000, 0x0000000746d00000, 0x0000000746e00000|  0%| F|  |TAMS 0x0000000746d00000, 0x0000000746d00000| Untracked 
|  32|0x0000000746e00000, 0x0000000746e00000, 0x0000000746f00000|  0%| F|  |TAMS 0x0000000746e00000, 0x0000000746e00000| Untracked 
|  33|0x0000000746f00000, 0x0000000746f00000, 0x0000000747000000|  0%| F|  |TAMS 0x0000000746f00000, 0x0000000746f00000| Untracked 
|  34|0x0000000747000000, 0x0000000747000000, 0x0000000747100000|  0%| F|  |TAMS 0x0000000747000000, 0x0000000747000000| Untracked 
|  35|0x0000000747100000, 0x0000000747100000, 0x0000000747200000|  0%| F|  |TAMS 0x0000000747100000, 0x0000000747100000| Untracked 
|  36|0x0000000747200000, 0x0000000747200000, 0x0000000747300000|  0%| F|  |TAMS 0x0000000747200000, 0x0000000747200000| Untracked 
|  37|0x0000000747300000, 0x0000000747300000, 0x0000000747400000|  0%| F|  |TAMS 0x0000000747300000, 0x0000000747300000| Untracked 
|  38|0x0000000747400000, 0x0000000747400000, 0x0000000747500000|  0%| F|  |TAMS 0x0000000747400000, 0x0000000747400000| Untracked 
|  39|0x0000000747500000, 0x0000000747500000, 0x0000000747600000|  0%| F|  |TAMS 0x0000000747500000, 0x0000000747500000| Untracked 
|  40|0x0000000747600000, 0x0000000747600000, 0x0000000747700000|  0%| F|  |TAMS 0x0000000747600000, 0x0000000747600000| Untracked 
|  41|0x0000000747700000, 0x0000000747700000, 0x0000000747800000|  0%| F|  |TAMS 0x0000000747700000, 0x0000000747700000| Untracked 
|  42|0x0000000747800000, 0x0000000747800000, 0x0000000747900000|  0%| F|  |TAMS 0x0000000747800000, 0x0000000747800000| Untracked 
|  43|0x0000000747900000, 0x0000000747900000, 0x0000000747a00000|  0%| F|  |TAMS 0x0000000747900000, 0x0000000747900000| Untracked 
|  44|0x0000000747a00000, 0x0000000747a00000, 0x0000000747b00000|  0%| F|  |TAMS 0x0000000747a00000, 0x0000000747a00000| Untracked 
|  45|0x0000000747b00000, 0x0000000747b00000, 0x0000000747c00000|  0%| F|  |TAMS 0x0000000747b00000, 0x0000000747b00000| Untracked 
|  46|0x0000000747c00000, 0x0000000747c00000, 0x0000000747d00000|  0%| F|  |TAMS 0x0000000747c00000, 0x0000000747c00000| Untracked 
|  47|0x0000000747d00000, 0x0000000747d00000, 0x0000000747e00000|  0%| F|  |TAMS 0x0000000747d00000, 0x0000000747d00000| Untracked 
|  48|0x0000000747e00000, 0x0000000747e00000, 0x0000000747f00000|  0%| F|  |TAMS 0x0000000747e00000, 0x0000000747e00000| Untracked 
|  49|0x0000000747f00000, 0x0000000747f00000, 0x0000000748000000|  0%| F|  |TAMS 0x0000000747f00000, 0x0000000747f00000| Untracked 
|  50|0x0000000748000000, 0x0000000748000000, 0x0000000748100000|  0%| F|  |TAMS 0x0000000748000000, 0x0000000748000000| Untracked 
|  51|0x0000000748100000, 0x0000000748100000, 0x0000000748200000|  0%| F|  |TAMS 0x0000000748100000, 0x0000000748100000| Untracked 
|  52|0x0000000748200000, 0x0000000748200000, 0x0000000748300000|  0%| F|  |TAMS 0x0000000748200000, 0x0000000748200000| Untracked 
|  53|0x0000000748300000, 0x0000000748300000, 0x0000000748400000|  0%| F|  |TAMS 0x0000000748300000, 0x0000000748300000| Untracked 
|  54|0x0000000748400000, 0x0000000748400000, 0x0000000748500000|  0%| F|  |TAMS 0x0000000748400000, 0x0000000748400000| Untracked 
|  55|0x0000000748500000, 0x0000000748500000, 0x0000000748600000|  0%| F|  |TAMS 0x0000000748500000, 0x0000000748500000| Untracked 
|  56|0x0000000748600000, 0x0000000748600000, 0x0000000748700000|  0%| F|  |TAMS 0x0000000748600000, 0x0000000748600000| Untracked 
|  57|0x0000000748700000, 0x0000000748700000, 0x0000000748800000|  0%| F|  |TAMS 0x0000000748700000, 0x0000000748700000| Untracked 
|  58|0x0000000748800000, 0x0000000748800000, 0x0000000748900000|  0%| F|  |TAMS 0x0000000748800000, 0x0000000748800000| Untracked 
|  59|0x0000000748900000, 0x0000000748900000, 0x0000000748a00000|  0%| F|  |TAMS 0x0000000748900000, 0x0000000748900000| Untracked 
|  60|0x0000000748a00000, 0x0000000748a00000, 0x0000000748b00000|  0%| F|  |TAMS 0x0000000748a00000, 0x0000000748a00000| Untracked 
|  61|0x0000000748b00000, 0x0000000748b00000, 0x0000000748c00000|  0%| F|  |TAMS 0x0000000748b00000, 0x0000000748b00000| Untracked 
|  62|0x0000000748c00000, 0x0000000748c00000, 0x0000000748d00000|  0%| F|  |TAMS 0x0000000748c00000, 0x0000000748c00000| Untracked 
|  63|0x0000000748d00000, 0x0000000748d00000, 0x0000000748e00000|  0%| F|  |TAMS 0x0000000748d00000, 0x0000000748d00000| Untracked 
|  64|0x0000000748e00000, 0x0000000748e00000, 0x0000000748f00000|  0%| F|  |TAMS 0x0000000748e00000, 0x0000000748e00000| Untracked 
|  65|0x0000000748f00000, 0x0000000748f00000, 0x0000000749000000|  0%| F|  |TAMS 0x0000000748f00000, 0x0000000748f00000| Untracked 
|  66|0x0000000749000000, 0x0000000749000000, 0x0000000749100000|  0%| F|  |TAMS 0x0000000749000000, 0x0000000749000000| Untracked 
|  67|0x0000000749100000, 0x0000000749100000, 0x0000000749200000|  0%| F|  |TAMS 0x0000000749100000, 0x0000000749100000| Untracked 
|  68|0x0000000749200000, 0x0000000749200000, 0x0000000749300000|  0%| F|  |TAMS 0x0000000749200000, 0x0000000749200000| Untracked 
|  69|0x0000000749300000, 0x0000000749300000, 0x0000000749400000|  0%| F|  |TAMS 0x0000000749300000, 0x0000000749300000| Untracked 
|  70|0x0000000749400000, 0x0000000749400000, 0x0000000749500000|  0%| F|  |TAMS 0x0000000749400000, 0x0000000749400000| Untracked 
|  71|0x0000000749500000, 0x0000000749500000, 0x0000000749600000|  0%| F|  |TAMS 0x0000000749500000, 0x0000000749500000| Untracked 
|  72|0x0000000749600000, 0x0000000749600000, 0x0000000749700000|  0%| F|  |TAMS 0x0000000749600000, 0x0000000749600000| Untracked 
|  73|0x0000000749700000, 0x0000000749700000, 0x0000000749800000|  0%| F|  |TAMS 0x0000000749700000, 0x0000000749700000| Untracked 
|  74|0x0000000749800000, 0x0000000749800000, 0x0000000749900000|  0%| F|  |TAMS 0x0000000749800000, 0x0000000749800000| Untracked 
|  75|0x0000000749900000, 0x0000000749900000, 0x0000000749a00000|  0%| F|  |TAMS 0x0000000749900000, 0x0000000749900000| Untracked 
|  76|0x0000000749a00000, 0x0000000749a00000, 0x0000000749b00000|  0%| F|  |TAMS 0x0000000749a00000, 0x0000000749a00000| Untracked 
|  77|0x0000000749b00000, 0x0000000749b00000, 0x0000000749c00000|  0%| F|  |TAMS 0x0000000749b00000, 0x0000000749b00000| Untracked 
|  78|0x0000000749c00000, 0x0000000749c00000, 0x0000000749d00000|  0%| F|  |TAMS 0x0000000749c00000, 0x0000000749c00000| Untracked 
|  79|0x0000000749d00000, 0x0000000749d00000, 0x0000000749e00000|  0%| F|  |TAMS 0x0000000749d00000, 0x0000000749d00000| Untracked 
|  80|0x0000000749e00000, 0x0000000749e00000, 0x0000000749f00000|  0%| F|  |TAMS 0x0000000749e00000, 0x0000000749e00000| Untracked 
|  81|0x0000000749f00000, 0x0000000749f00000, 0x000000074a000000|  0%| F|  |TAMS 0x0000000749f00000, 0x0000000749f00000| Untracked 
|  82|0x000000074a000000, 0x000000074a000000, 0x000000074a100000|  0%| F|  |TAMS 0x000000074a000000, 0x000000074a000000| Untracked 
|  83|0x000000074a100000, 0x000000074a100000, 0x000000074a200000|  0%| F|  |TAMS 0x000000074a100000, 0x000000074a100000| Untracked 
|  84|0x000000074a200000, 0x000000074a200000, 0x000000074a300000|  0%| F|  |TAMS 0x000000074a200000, 0x000000074a200000| Untracked 
|  85|0x000000074a300000, 0x000000074a300000, 0x000000074a400000|  0%| F|  |TAMS 0x000000074a300000, 0x000000074a300000| Untracked 
|  86|0x000000074a400000, 0x000000074a400000, 0x000000074a500000|  0%| F|  |TAMS 0x000000074a400000, 0x000000074a400000| Untracked 
|  87|0x000000074a500000, 0x000000074a500000, 0x000000074a600000|  0%| F|  |TAMS 0x000000074a500000, 0x000000074a500000| Untracked 
|  88|0x000000074a600000, 0x000000074a600000, 0x000000074a700000|  0%| F|  |TAMS 0x000000074a600000, 0x000000074a600000| Untracked 
|  89|0x000000074a700000, 0x000000074a700000, 0x000000074a800000|  0%| F|  |TAMS 0x000000074a700000, 0x000000074a700000| Untracked 
|  90|0x000000074a800000, 0x000000074a800000, 0x000000074a900000|  0%| F|  |TAMS 0x000000074a800000, 0x000000074a800000| Untracked 
|  91|0x000000074a900000, 0x000000074a900000, 0x000000074aa00000|  0%| F|  |TAMS 0x000000074a900000, 0x000000074a900000| Untracked 
|  92|0x000000074aa00000, 0x000000074aa00000, 0x000000074ab00000|  0%| F|  |TAMS 0x000000074aa00000, 0x000000074aa00000| Untracked 
|  93|0x000000074ab00000, 0x000000074ab00000, 0x000000074ac00000|  0%| F|  |TAMS 0x000000074ab00000, 0x000000074ab00000| Untracked 
|  94|0x000000074ac00000, 0x000000074ac00000, 0x000000074ad00000|  0%| F|  |TAMS 0x000000074ac00000, 0x000000074ac00000| Untracked 
|  95|0x000000074ad00000, 0x000000074ad00000, 0x000000074ae00000|  0%| F|  |TAMS 0x000000074ad00000, 0x000000074ad00000| Untracked 
|  96|0x000000074ae00000, 0x000000074ae00000, 0x000000074af00000|  0%| F|  |TAMS 0x000000074ae00000, 0x000000074ae00000| Untracked 
|  97|0x000000074af00000, 0x000000074af00000, 0x000000074b000000|  0%| F|  |TAMS 0x000000074af00000, 0x000000074af00000| Untracked 
|  98|0x000000074b000000, 0x000000074b000000, 0x000000074b100000|  0%| F|  |TAMS 0x000000074b000000, 0x000000074b000000| Untracked 
|  99|0x000000074b100000, 0x000000074b100000, 0x000000074b200000|  0%| F|  |TAMS 0x000000074b100000, 0x000000074b100000| Untracked 
| 100|0x000000074b200000, 0x000000074b200000, 0x000000074b300000|  0%| F|  |TAMS 0x000000074b200000, 0x000000074b200000| Untracked 
| 101|0x000000074b300000, 0x000000074b300000, 0x000000074b400000|  0%| F|  |TAMS 0x000000074b300000, 0x000000074b300000| Untracked 
| 102|0x000000074b400000, 0x000000074b400000, 0x000000074b500000|  0%| F|  |TAMS 0x000000074b400000, 0x000000074b400000| Untracked 
| 103|0x000000074b500000, 0x000000074b500000, 0x000000074b600000|  0%| F|  |TAMS 0x000000074b500000, 0x000000074b500000| Untracked 
| 104|0x000000074b600000, 0x000000074b600000, 0x000000074b700000|  0%| F|  |TAMS 0x000000074b600000, 0x000000074b600000| Untracked 
| 105|0x000000074b700000, 0x000000074b700000, 0x000000074b800000|  0%| F|  |TAMS 0x000000074b700000, 0x000000074b700000| Untracked 
| 106|0x000000074b800000, 0x000000074b800000, 0x000000074b900000|  0%| F|  |TAMS 0x000000074b800000, 0x000000074b800000| Untracked 
| 107|0x000000074b900000, 0x000000074b900000, 0x000000074ba00000|  0%| F|  |TAMS 0x000000074b900000, 0x000000074b900000| Untracked 
| 108|0x000000074ba00000, 0x000000074ba00000, 0x000000074bb00000|  0%| F|  |TAMS 0x000000074ba00000, 0x000000074ba00000| Untracked 
| 109|0x000000074bb00000, 0x000000074bb00000, 0x000000074bc00000|  0%| F|  |TAMS 0x000000074bb00000, 0x000000074bb00000| Untracked 
| 110|0x000000074bc00000, 0x000000074bc00000, 0x000000074bd00000|  0%| F|  |TAMS 0x000000074bc00000, 0x000000074bc00000| Untracked 
| 111|0x000000074bd00000, 0x000000074bd00000, 0x000000074be00000|  0%| F|  |TAMS 0x000000074bd00000, 0x000000074bd00000| Untracked 
| 112|0x000000074be00000, 0x000000074be00000, 0x000000074bf00000|  0%| F|  |TAMS 0x000000074be00000, 0x000000074be00000| Untracked 
| 113|0x000000074bf00000, 0x000000074bf00000, 0x000000074c000000|  0%| F|  |TAMS 0x000000074bf00000, 0x000000074bf00000| Untracked 
| 114|0x000000074c000000, 0x000000074c000000, 0x000000074c100000|  0%| F|  |TAMS 0x000000074c000000, 0x000000074c000000| Untracked 
| 115|0x000000074c100000, 0x000000074c100000, 0x000000074c200000|  0%| F|  |TAMS 0x000000074c100000, 0x000000074c100000| Untracked 
| 116|0x000000074c200000, 0x000000074c200000, 0x000000074c300000|  0%| F|  |TAMS 0x000000074c200000, 0x000000074c200000| Untracked 
| 117|0x000000074c300000, 0x000000074c300000, 0x000000074c400000|  0%| F|  |TAMS 0x000000074c300000, 0x000000074c300000| Untracked 
| 118|0x000000074c400000, 0x000000074c400000, 0x000000074c500000|  0%| F|  |TAMS 0x000000074c400000, 0x000000074c400000| Untracked 
| 119|0x000000074c500000, 0x000000074c500000, 0x000000074c600000|  0%| F|  |TAMS 0x000000074c500000, 0x000000074c500000| Untracked 
| 120|0x000000074c600000, 0x000000074c600000, 0x000000074c700000|  0%| F|  |TAMS 0x000000074c600000, 0x000000074c600000| Untracked 
| 121|0x000000074c700000, 0x000000074c700000, 0x000000074c800000|  0%| F|  |TAMS 0x000000074c700000, 0x000000074c700000| Untracked 
| 122|0x000000074c800000, 0x000000074c800000, 0x000000074c900000|  0%| F|  |TAMS 0x000000074c800000, 0x000000074c800000| Untracked 
| 123|0x000000074c900000, 0x000000074c900000, 0x000000074ca00000|  0%| F|  |TAMS 0x000000074c900000, 0x000000074c900000| Untracked 
| 124|0x000000074ca00000, 0x000000074ca00000, 0x000000074cb00000|  0%| F|  |TAMS 0x000000074ca00000, 0x000000074ca00000| Untracked 
| 125|0x000000074cb00000, 0x000000074cb00000, 0x000000074cc00000|  0%| F|  |TAMS 0x000000074cb00000, 0x000000074cb00000| Untracked 
| 126|0x000000074cc00000, 0x000000074cc00000, 0x000000074cd00000|  0%| F|  |TAMS 0x000000074cc00000, 0x000000074cc00000| Untracked 
| 127|0x000000074cd00000, 0x000000074cd00000, 0x000000074ce00000|  0%| F|  |TAMS 0x000000074cd00000, 0x000000074cd00000| Untracked 
| 128|0x000000074ce00000, 0x000000074ce00000, 0x000000074cf00000|  0%| F|  |TAMS 0x000000074ce00000, 0x000000074ce00000| Untracked 
| 129|0x000000074cf00000, 0x000000074cf00000, 0x000000074d000000|  0%| F|  |TAMS 0x000000074cf00000, 0x000000074cf00000| Untracked 
| 130|0x000000074d000000, 0x000000074d000000, 0x000000074d100000|  0%| F|  |TAMS 0x000000074d000000, 0x000000074d000000| Untracked 
| 131|0x000000074d100000, 0x000000074d100000, 0x000000074d200000|  0%| F|  |TAMS 0x000000074d100000, 0x000000074d100000| Untracked 
| 132|0x000000074d200000, 0x000000074d200000, 0x000000074d300000|  0%| F|  |TAMS 0x000000074d200000, 0x000000074d200000| Untracked 
| 133|0x000000074d300000, 0x000000074d300000, 0x000000074d400000|  0%| F|  |TAMS 0x000000074d300000, 0x000000074d300000| Untracked 
| 134|0x000000074d400000, 0x000000074d400000, 0x000000074d500000|  0%| F|  |TAMS 0x000000074d400000, 0x000000074d400000| Untracked 
| 135|0x000000074d500000, 0x000000074d500000, 0x000000074d600000|  0%| F|  |TAMS 0x000000074d500000, 0x000000074d500000| Untracked 
| 136|0x000000074d600000, 0x000000074d600000, 0x000000074d700000|  0%| F|  |TAMS 0x000000074d600000, 0x000000074d600000| Untracked 
| 137|0x000000074d700000, 0x000000074d700000, 0x000000074d800000|  0%| F|  |TAMS 0x000000074d700000, 0x000000074d700000| Untracked 
| 138|0x000000074d800000, 0x000000074d800000, 0x000000074d900000|  0%| F|  |TAMS 0x000000074d800000, 0x000000074d800000| Untracked 
| 139|0x000000074d900000, 0x000000074d900000, 0x000000074da00000|  0%| F|  |TAMS 0x000000074d900000, 0x000000074d900000| Untracked 
| 140|0x000000074da00000, 0x000000074da00000, 0x000000074db00000|  0%| F|  |TAMS 0x000000074da00000, 0x000000074da00000| Untracked 
| 141|0x000000074db00000, 0x000000074db00000, 0x000000074dc00000|  0%| F|  |TAMS 0x000000074db00000, 0x000000074db00000| Untracked 
| 142|0x000000074dc00000, 0x000000074dc00000, 0x000000074dd00000|  0%| F|  |TAMS 0x000000074dc00000, 0x000000074dc00000| Untracked 
| 143|0x000000074dd00000, 0x000000074dd00000, 0x000000074de00000|  0%| F|  |TAMS 0x000000074dd00000, 0x000000074dd00000| Untracked 
| 144|0x000000074de00000, 0x000000074de00000, 0x000000074df00000|  0%| F|  |TAMS 0x000000074de00000, 0x000000074de00000| Untracked 
| 145|0x000000074df00000, 0x000000074df00000, 0x000000074e000000|  0%| F|  |TAMS 0x000000074df00000, 0x000000074df00000| Untracked 
| 146|0x000000074e000000, 0x000000074e000000, 0x000000074e100000|  0%| F|  |TAMS 0x000000074e000000, 0x000000074e000000| Untracked 
| 147|0x000000074e100000, 0x000000074e100000, 0x000000074e200000|  0%| F|  |TAMS 0x000000074e100000, 0x000000074e100000| Untracked 
| 148|0x000000074e200000, 0x000000074e200000, 0x000000074e300000|  0%| F|  |TAMS 0x000000074e200000, 0x000000074e200000| Untracked 
| 149|0x000000074e300000, 0x000000074e300000, 0x000000074e400000|  0%| F|  |TAMS 0x000000074e300000, 0x000000074e300000| Untracked 
| 150|0x000000074e400000, 0x000000074e400000, 0x000000074e500000|  0%| F|  |TAMS 0x000000074e400000, 0x000000074e400000| Untracked 
| 151|0x000000074e500000, 0x000000074e500000, 0x000000074e600000|  0%| F|  |TAMS 0x000000074e500000, 0x000000074e500000| Untracked 
| 152|0x000000074e600000, 0x000000074e600000, 0x000000074e700000|  0%| F|  |TAMS 0x000000074e600000, 0x000000074e600000| Untracked 
| 153|0x000000074e700000, 0x000000074e700000, 0x000000074e800000|  0%| F|  |TAMS 0x000000074e700000, 0x000000074e700000| Untracked 
| 154|0x000000074e800000, 0x000000074e800000, 0x000000074e900000|  0%| F|  |TAMS 0x000000074e800000, 0x000000074e800000| Untracked 
| 155|0x000000074e900000, 0x000000074e900000, 0x000000074ea00000|  0%| F|  |TAMS 0x000000074e900000, 0x000000074e900000| Untracked 
| 156|0x000000074ea00000, 0x000000074ea00000, 0x000000074eb00000|  0%| F|  |TAMS 0x000000074ea00000, 0x000000074ea00000| Untracked 
| 157|0x000000074eb00000, 0x000000074eb00000, 0x000000074ec00000|  0%| F|  |TAMS 0x000000074eb00000, 0x000000074eb00000| Untracked 
| 158|0x000000074ec00000, 0x000000074ec00000, 0x000000074ed00000|  0%| F|  |TAMS 0x000000074ec00000, 0x000000074ec00000| Untracked 
| 159|0x000000074ed00000, 0x000000074ed00000, 0x000000074ee00000|  0%| F|  |TAMS 0x000000074ed00000, 0x000000074ed00000| Untracked 
| 160|0x000000074ee00000, 0x000000074ee00000, 0x000000074ef00000|  0%| F|  |TAMS 0x000000074ee00000, 0x000000074ee00000| Untracked 
| 161|0x000000074ef00000, 0x000000074ef00000, 0x000000074f000000|  0%| F|  |TAMS 0x000000074ef00000, 0x000000074ef00000| Untracked 
| 162|0x000000074f000000, 0x000000074f000000, 0x000000074f100000|  0%| F|  |TAMS 0x000000074f000000, 0x000000074f000000| Untracked 
| 163|0x000000074f100000, 0x000000074f100000, 0x000000074f200000|  0%| F|  |TAMS 0x000000074f100000, 0x000000074f100000| Untracked 
| 164|0x000000074f200000, 0x000000074f200000, 0x000000074f300000|  0%| F|  |TAMS 0x000000074f200000, 0x000000074f200000| Untracked 
| 165|0x000000074f300000, 0x000000074f300000, 0x000000074f400000|  0%| F|  |TAMS 0x000000074f300000, 0x000000074f300000| Untracked 
| 166|0x000000074f400000, 0x000000074f400000, 0x000000074f500000|  0%| F|  |TAMS 0x000000074f400000, 0x000000074f400000| Untracked 
| 167|0x000000074f500000, 0x000000074f500000, 0x000000074f600000|  0%| F|  |TAMS 0x000000074f500000, 0x000000074f500000| Untracked 
| 168|0x000000074f600000, 0x000000074f600000, 0x000000074f700000|  0%| F|  |TAMS 0x000000074f600000, 0x000000074f600000| Untracked 
| 169|0x000000074f700000, 0x000000074f700000, 0x000000074f800000|  0%| F|  |TAMS 0x000000074f700000, 0x000000074f700000| Untracked 
| 170|0x000000074f800000, 0x000000074f800000, 0x000000074f900000|  0%| F|  |TAMS 0x000000074f800000, 0x000000074f800000| Untracked 
| 171|0x000000074f900000, 0x000000074f900000, 0x000000074fa00000|  0%| F|  |TAMS 0x000000074f900000, 0x000000074f900000| Untracked 
| 172|0x000000074fa00000, 0x000000074fa00000, 0x000000074fb00000|  0%| F|  |TAMS 0x000000074fa00000, 0x000000074fa00000| Untracked 
| 173|0x000000074fb00000, 0x000000074fb83828, 0x000000074fc00000| 51%| S|CS|TAMS 0x000000074fb00000, 0x000000074fb00000| Complete 
| 174|0x000000074fc00000, 0x000000074fd00000, 0x000000074fd00000|100%| S|CS|TAMS 0x000000074fc00000, 0x000000074fc00000| Complete 
| 175|0x000000074fd00000, 0x000000074fd00000, 0x000000074fe00000|  0%| F|  |TAMS 0x000000074fd00000, 0x000000074fd00000| Untracked 
| 176|0x000000074fe00000, 0x000000074fe00000, 0x000000074ff00000|  0%| F|  |TAMS 0x000000074fe00000, 0x000000074fe00000| Untracked 
| 177|0x000000074ff00000, 0x000000074ff00000, 0x0000000750000000|  0%| F|  |TAMS 0x000000074ff00000, 0x000000074ff00000| Untracked 
| 178|0x0000000750000000, 0x0000000750000000, 0x0000000750100000|  0%| F|  |TAMS 0x0000000750000000, 0x0000000750000000| Untracked 
| 179|0x0000000750100000, 0x0000000750100000, 0x0000000750200000|  0%| F|  |TAMS 0x0000000750100000, 0x0000000750100000| Untracked 
| 180|0x0000000750200000, 0x0000000750200000, 0x0000000750300000|  0%| F|  |TAMS 0x0000000750200000, 0x0000000750200000| Untracked 
| 181|0x0000000750300000, 0x0000000750400000, 0x0000000750400000|100%| E|  |TAMS 0x0000000750300000, 0x0000000750300000| Complete 
| 182|0x0000000750400000, 0x0000000750500000, 0x0000000750500000|100%| E|CS|TAMS 0x0000000750400000, 0x0000000750400000| Complete 
| 183|0x0000000750500000, 0x0000000750600000, 0x0000000750600000|100%| E|CS|TAMS 0x0000000750500000, 0x0000000750500000| Complete 
| 184|0x0000000750600000, 0x0000000750700000, 0x0000000750700000|100%| E|CS|TAMS 0x0000000750600000, 0x0000000750600000| Complete 
| 185|0x0000000750700000, 0x0000000750800000, 0x0000000750800000|100%| E|CS|TAMS 0x0000000750700000, 0x0000000750700000| Complete 
| 186|0x0000000750800000, 0x0000000750900000, 0x0000000750900000|100%| E|  |TAMS 0x0000000750800000, 0x0000000750800000| Complete 
| 187|0x0000000750900000, 0x0000000750a00000, 0x0000000750a00000|100%| E|CS|TAMS 0x0000000750900000, 0x0000000750900000| Complete 

Card table byte_map: [0x000001cdf4da0000,0x000001cdf5380000] _byte_map_base: 0x000001cdf1379000

Marking Bits (Prev, Next): (CMBitMap*) 0x000001cddcd96458, (CMBitMap*) 0x000001cddcd96498
 Prev Bits: [0x000001cdf5960000, 0x000001cdf8828000)
 Next Bits: [0x000001cdf8830000, 0x000001cdfb6f8000)

Polling page: 0x000001cddc520000

Metaspace:

Usage:
  Non-class:      8.76 MB capacity,     6.16 MB ( 70%) used,     2.59 MB ( 30%) free+waste,     9.50 KB ( <1%) overhead. 
      Class:    633.00 KB capacity,   319.54 KB ( 50%) used,   309.77 KB ( 49%) free+waste,     3.69 KB ( <1%) overhead. 
       Both:      9.38 MB capacity,     6.47 MB ( 69%) used,     2.89 MB ( 31%) free+waste,    13.19 KB ( <1%) overhead. 

Virtual space:
  Non-class space:       10.00 MB reserved,       9.00 MB ( 90%) committed 
      Class space:        1.00 GB reserved,     640.00 KB ( <1%) committed 
             Both:        1.01 GB reserved,       9.63 MB ( <1%) committed 

Chunk freelists:
   Non-Class:  55.00 KB
       Class:  7.00 KB
        Both:  62.00 KB

MaxMetaspaceSize: 17179869184.00 GB
CompressedClassSpaceSize: 1.00 GB

CodeHeap 'non-profiled nmethods': size=120000Kb used=222Kb max_used=222Kb free=119777Kb
 bounds [0x000001cded290000, 0x000001cded500000, 0x000001cdf47c0000]
CodeHeap 'profiled nmethods': size=120000Kb used=1218Kb max_used=1218Kb free=118781Kb
 bounds [0x000001cde5d60000, 0x000001cde5fd0000, 0x000001cded290000]
CodeHeap 'non-nmethods': size=5760Kb used=1631Kb max_used=1637Kb free=4128Kb
 bounds [0x000001cde57c0000, 0x000001cde5a30000, 0x000001cde5d60000]
 total_blobs=1751 nmethods=723 adapters=941
 compilation: enabled
              stopped_count=0, restarted_count=0
 full_count=0

Compilation events (20 events):
Event: 1.572 Thread 0x000001cdfe556800  713   !   3       jdk.internal.loader.BuiltinClassLoader::findClassOnClassPathOrNull (64 bytes)
Event: 1.574 Thread 0x000001cdfe556800 nmethod 713 0x000001cde5e87590 code [0x000001cde5e87900, 0x000001cde5e88de8]
Event: 1.575 Thread 0x000001cdfe556800  714   !   3       java.util.zip.ZipFile::getInputStream (323 bytes)
Event: 1.577 Thread 0x000001cdfe556800 nmethod 714 0x000001cde5e89610 code [0x000001cde5e89960, 0x000001cde5e8b2f8]
Event: 1.577 Thread 0x000001cdfe556800  715       3       java.util.zip.ZipFile$ZipFileInputStream::<init> (96 bytes)
Event: 1.578 Thread 0x000001cdfe556800 nmethod 715 0x000001cde5e8c110 code [0x000001cde5e8c340, 0x000001cde5e8cdc8]
Event: 1.579 Thread 0x000001cdfe556800  716       3       java.util.zip.ZipFile$InflaterCleanupAction::run (12 bytes)
Event: 1.579 Thread 0x000001cdfe556800 nmethod 716 0x000001cde5e8d210 code [0x000001cde5e8d3c0, 0x000001cde5e8d548]
Event: 1.579 Thread 0x000001cdfe556800  717   !   3       java.util.zip.ZipFile$CleanableResource::releaseInflater (53 bytes)
Event: 1.580 Thread 0x000001cdfe556800 nmethod 717 0x000001cde5e8d610 code [0x000001cde5e8d7e0, 0x000001cde5e8dd08]
Event: 1.587 Thread 0x000001cdfe556800  718       3       java.util.zip.ZipFile$ZipFileInputStream::initDataOffset (117 bytes)
Event: 1.588 Thread 0x000001cdfe556800 nmethod 718 0x000001cde5e8df10 code [0x000001cde5e8e140, 0x000001cde5e8e908]
Event: 1.588 Thread 0x000001cdfe556800  719   !   3       java.util.zip.Inflater::setInput (69 bytes)
Event: 1.589 Thread 0x000001cdfe556800 nmethod 719 0x000001cde5e8ec10 code [0x000001cde5e8ede0, 0x000001cde5e8f2a8]
Event: 1.603 Thread 0x000001cdfe556800  720       3       java.util.WeakHashMap::remove (133 bytes)
Event: 1.604 Thread 0x000001cdfe556800 nmethod 720 0x000001cde5e8f410 code [0x000001cde5e8f640, 0x000001cde5e901a8]
Event: 1.617 Thread 0x000001cdfe556800  721       1       java.lang.reflect.Method::getName (5 bytes)
Event: 1.617 Thread 0x000001cdfe556800 nmethod 721 0x000001cded2c7390 code [0x000001cded2c7520, 0x000001cded2c75f8]
Event: 1.617 Thread 0x000001cdfe556800  722       3       java.util.ImmutableCollections$Set12::contains (28 bytes)
Event: 1.618 Thread 0x000001cdfe556800 nmethod 722 0x000001cde5e90590 code [0x000001cde5e90740, 0x000001cde5e90ab8]

GC Heap History (2 events):
Event: 1.140 GC heap before
{Heap before GC invocations=0 (full 0):
 garbage-first heap   total 192512K, used 12288K [0x0000000744e00000, 0x0000000800000000)
  region size 1024K, 13 young (13312K), 0 survivors (0K)
 Metaspace       used 4226K, capacity 7355K, committed 7552K, reserved 1056768K
  class space    used 219K, capacity 522K, committed 640K, reserved 1048576K
}
Event: 1.151 GC heap after
{Heap after GC invocations=1 (full 0):
 garbage-first heap   total 192512K, used 1550K [0x0000000744e00000, 0x0000000800000000)
  region size 1024K, 2 young (2048K), 2 survivors (2048K)
 Metaspace       used 4226K, capacity 7355K, committed 7552K, reserved 1056768K
  class space    used 219K, capacity 522K, committed 640K, reserved 1048576K
}

Deoptimization events (18 events):
Event: 0.246 Thread 0x000001cddcd42000 Uncommon trap: trap_request=0xffffff45 fr.pc=0x000001cded29488c relative=0x000000000000022c
Event: 0.246 Thread 0x000001cddcd42000 Uncommon trap: reason=unstable_if action=reinterpret pc=0x000001cded29488c method=java.lang.String.hashCode()I @ 42 c2
Event: 0.246 Thread 0x000001cddcd42000 DEOPT PACKING pc=0x000001cded29488c sp=0x0000009c466fd760
Event: 0.246 Thread 0x000001cddcd42000 DEOPT UNPACKING pc=0x000001cde580912f sp=0x0000009c466fd6f8 mode 2
Event: 0.373 Thread 0x000001cddcd42000 DEOPT PACKING pc=0x000001cde5d958f4 sp=0x0000009c466f9470
Event: 0.373 Thread 0x000001cddcd42000 DEOPT UNPACKING pc=0x000001cde580964e sp=0x0000009c466f88c8 mode 0
Event: 0.390 Thread 0x000001cddcd42000 DEOPT PACKING pc=0x000001cde5d9b7b2 sp=0x0000009c466fc940
Event: 0.390 Thread 0x000001cddcd42000 DEOPT UNPACKING pc=0x000001cde580964e sp=0x0000009c466fbda8 mode 0
Event: 0.442 Thread 0x000001cddcd42000 Uncommon trap: trap_request=0xffffff45 fr.pc=0x000001cded2a6090 relative=0x0000000000000070
Event: 0.442 Thread 0x000001cddcd42000 Uncommon trap: reason=unstable_if action=reinterpret pc=0x000001cded2a6090 method=java.io.WinNTFileSystem.isSlash(C)Z @ 9 c2
Event: 0.442 Thread 0x000001cddcd42000 DEOPT PACKING pc=0x000001cded2a6090 sp=0x0000009c466fc870
Event: 0.442 Thread 0x000001cddcd42000 DEOPT UNPACKING pc=0x000001cde580912f sp=0x0000009c466fc7f8 mode 2
Event: 0.887 Thread 0x000001cddcd42000 Uncommon trap: trap_request=0xffffff54 fr.pc=0x000001cded2b4490 relative=0x0000000000000070
Event: 0.887 Thread 0x000001cddcd42000 Uncommon trap: reason=speculate_null_assert action=make_not_entrant pc=0x000001cded2b4490 method=sun.misc.Unsafe.putLong(Ljava/lang/Object;JJ)V @ 7 c2
Event: 0.887 Thread 0x000001cddcd42000 DEOPT PACKING pc=0x000001cded2b4490 sp=0x0000009c466ff2b0
Event: 0.887 Thread 0x000001cddcd42000 DEOPT UNPACKING pc=0x000001cde580912f sp=0x0000009c466ff228 mode 2
Event: 1.006 Thread 0x000001cddcd42000 DEOPT PACKING pc=0x000001cde5da11df sp=0x0000009c466fde60
Event: 1.006 Thread 0x000001cddcd42000 DEOPT UNPACKING pc=0x000001cde580964e sp=0x0000009c466fd2b0 mode 0

Classes unloaded (0 events):
No events

Classes redefined (0 events):
No events

Internal exceptions (13 events):
Event: 0.399 Thread 0x000001cddcd42000 Exception <a 'java/lang/NoSuchMethodError'{0x00000007507ece68}: 'void java.lang.invoke.DelegatingMethodHandle$Holder.delegate(java.lang.Object, java.lang.Object, int, java.lang.Object)'> (0x00000007507ece68) 
thrown [./src/hotspot/share/interpreter/linkResolver.cpp, line 766]
Event: 0.401 Thread 0x000001cddcd42000 Exception <a 'java/lang/NoSuchMethodError'{0x00000007507f38c0}: 'java.lang.Object java.lang.invoke.DirectMethodHandle$Holder.invokeStaticInit(java.lang.Object, java.lang.Object, java.lang.Object)'> (0x00000007507f38c0) 
thrown [./src/hotspot/share/interpreter/linkResolver.cpp, line 766]
Event: 0.494 Thread 0x000001cddcd42000 Exception <a 'sun/nio/fs/WindowsException'{0x00000007506c88d0}> (0x00000007506c88d0) 
thrown [./src/hotspot/share/prims/jni.cpp, line 599]
Event: 0.495 Thread 0x000001cddcd42000 Exception <a 'sun/nio/fs/WindowsException'{0x00000007506c8e28}> (0x00000007506c8e28) 
thrown [./src/hotspot/share/prims/jni.cpp, line 599]
Event: 0.522 Thread 0x000001cddcd42000 Exception <a 'sun/nio/fs/WindowsException'{0x00000007506f38c0}> (0x00000007506f38c0) 
thrown [./src/hotspot/share/prims/jni.cpp, line 599]
Event: 0.523 Thread 0x000001cddcd42000 Exception <a 'sun/nio/fs/WindowsException'{0x00000007506f3c30}> (0x00000007506f3c30) 
thrown [./src/hotspot/share/prims/jni.cpp, line 599]
Event: 0.793 Thread 0x000001cddcd42000 Exception <a 'sun/nio/fs/WindowsException'{0x0000000750466350}> (0x0000000750466350) 
thrown [./src/hotspot/share/prims/jni.cpp, line 599]
Event: 0.793 Thread 0x000001cddcd42000 Exception <a 'sun/nio/fs/WindowsException'{0x0000000750466700}> (0x0000000750466700) 
thrown [./src/hotspot/share/prims/jni.cpp, line 599]
Event: 0.802 Thread 0x000001cddcd42000 Exception <a 'sun/nio/fs/WindowsException'{0x0000000750485868}> (0x0000000750485868) 
thrown [./src/hotspot/share/prims/jni.cpp, line 599]
Event: 0.802 Thread 0x000001cddcd42000 Exception <a 'sun/nio/fs/WindowsException'{0x0000000750485b50}> (0x0000000750485b50) 
thrown [./src/hotspot/share/prims/jni.cpp, line 599]
Event: 1.202 Thread 0x000001cddcd42000 Exception <a 'java/lang/NoSuchMethodError'{0x00000007509f7f00}: 'void java.lang.invoke.DirectMethodHandle$Holder.invokeStatic(java.lang.Object, long, int, int)'> (0x00000007509f7f00) 
thrown [./src/hotspot/share/interpreter/linkResolver.cpp, line 766]
Event: 1.313 Thread 0x000001cddcd42000 Exception <a 'sun/nio/fs/WindowsException'{0x00000007506144b8}> (0x00000007506144b8) 
thrown [./src/hotspot/share/prims/jni.cpp, line 599]
Event: 1.313 Thread 0x000001cddcd42000 Exception <a 'sun/nio/fs/WindowsException'{0x0000000750614840}> (0x0000000750614840) 
thrown [./src/hotspot/share/prims/jni.cpp, line 599]

Events (20 events):
Event: 1.154 Executing VM operation: HandshakeOneThread
Event: 1.154 Executing VM operation: HandshakeOneThread done
Event: 1.159 loading class jdk/internal/reflect/UnsafeQualifiedLongFieldAccessorImpl
Event: 1.159 loading class jdk/internal/reflect/UnsafeQualifiedFieldAccessorImpl
Event: 1.159 loading class jdk/internal/reflect/UnsafeQualifiedFieldAccessorImpl done
Event: 1.159 loading class jdk/internal/reflect/UnsafeQualifiedLongFieldAccessorImpl done
Event: 1.225 Loaded shared library C:\Users\bezou\.jdks\adopt-openjdk-14.0.2\bin\verify.dll
Event: 1.271 loading class java/io/FileReader
Event: 1.271 loading class java/io/FileReader done
Event: 1.317 Loaded shared library C:\Users\bezou\AppData\Local\Temp\lwjglbezou\3.2.3-build-13\lwjgl_stb.dll
Event: 1.403 loading class jdk/internal/module/ModulePatcher$PatchedModuleReader
Event: 1.403 loading class jdk/internal/module/ModulePatcher$PatchedModuleReader done
Event: 1.404 loading class sun/net/www/protocol/jrt/Handler
Event: 1.404 loading class sun/net/www/protocol/jrt/Handler done
Event: 1.411 loading class sun/text/resources/cldr/FormatData_en_US
Event: 1.411 loading class sun/text/resources/cldr/FormatData_en_US done
Event: 1.442 loading class java/lang/SecurityException
Event: 1.442 loading class java/lang/SecurityException done
Event: 1.449 loading class jdk/internal/access/foreign/MemorySegmentProxy
Event: 1.449 loading class jdk/internal/access/foreign/MemorySegmentProxy done


Dynamic libraries:
0x00007ff6655e0000 - 0x00007ff6655ed000 	C:\Users\bezou\.jdks\adopt-openjdk-14.0.2\bin\java.exe
0x00007ffa434b0000 - 0x00007ffa436a5000 	C:\WINDOWS\SYSTEM32\ntdll.dll
0x00007ffa1b5f0000 - 0x00007ffa1b603000 	C:\Program Files\AVAST Software\Avast\aswhook.dll
0x00007ffa41e30000 - 0x00007ffa41eed000 	C:\WINDOWS\System32\KERNEL32.DLL
0x00007ffa40bf0000 - 0x00007ffa40eb8000 	C:\WINDOWS\System32\KERNELBASE.dll
0x00007ffa40ec0000 - 0x00007ffa40fc0000 	C:\WINDOWS\System32\ucrtbase.dll
0x00007ffa3ad10000 - 0x00007ffa3ad28000 	C:\Users\bezou\.jdks\adopt-openjdk-14.0.2\bin\jli.dll
0x00007ffa41810000 - 0x00007ffa419b0000 	C:\WINDOWS\System32\USER32.dll
0x00007ffa41220000 - 0x00007ffa41242000 	C:\WINDOWS\System32\win32u.dll
0x00007ffa42710000 - 0x00007ffa4273a000 	C:\WINDOWS\System32\GDI32.dll
0x00007ffa41070000 - 0x00007ffa4117b000 	C:\WINDOWS\System32\gdi32full.dll
0x00007ffa41180000 - 0x00007ffa4121d000 	C:\WINDOWS\System32\msvcp_win.dll
0x00007ffa37af0000 - 0x00007ffa37b05000 	C:\Users\bezou\.jdks\adopt-openjdk-14.0.2\bin\VCRUNTIME140.dll
0x00007ffa2f500000 - 0x00007ffa2f79a000 	C:\WINDOWS\WinSxS\amd64_microsoft.windows.common-controls_6595b64144ccf1df_6.0.19041.844_none_ca00b6081b84eb1d\COMCTL32.dll
0x00007ffa43090000 - 0x00007ffa4312e000 	C:\WINDOWS\System32\msvcrt.dll
0x00007ffa41770000 - 0x00007ffa417a0000 	C:\WINDOWS\System32\IMM32.DLL
0x00007ffa37780000 - 0x00007ffa3781b000 	C:\Users\bezou\.jdks\adopt-openjdk-14.0.2\bin\msvcp140.dll
0x00007ff9dfff0000 - 0x00007ff9e0b84000 	C:\Users\bezou\.jdks\adopt-openjdk-14.0.2\bin\server\jvm.dll
0x00007ffa42020000 - 0x00007ffa420cc000 	C:\WINDOWS\System32\ADVAPI32.dll
0x00007ffa43220000 - 0x00007ffa432bb000 	C:\WINDOWS\System32\sechost.dll
0x00007ffa41ef0000 - 0x00007ffa4201b000 	C:\WINDOWS\System32\RPCRT4.dll
0x00007ffa43130000 - 0x00007ffa43138000 	C:\WINDOWS\System32\PSAPI.DLL
0x00007ffa282a0000 - 0x00007ffa282a9000 	C:\WINDOWS\SYSTEM32\WSOCK32.dll
0x00007ffa417a0000 - 0x00007ffa4180b000 	C:\WINDOWS\System32\WS2_32.dll
0x00007ffa2b0c0000 - 0x00007ffa2b0e7000 	C:\WINDOWS\SYSTEM32\WINMM.dll
0x00007ffa38e80000 - 0x00007ffa38e8a000 	C:\WINDOWS\SYSTEM32\VERSION.dll
0x00007ffa3f4c0000 - 0x00007ffa3f4d2000 	C:\WINDOWS\SYSTEM32\kernel.appcore.dll
0x00007ffa3c3b0000 - 0x00007ffa3c3ba000 	C:\Users\bezou\.jdks\adopt-openjdk-14.0.2\bin\jimage.dll
0x00007ffa3e1b0000 - 0x00007ffa3e394000 	C:\WINDOWS\SYSTEM32\DBGHELP.DLL
0x00007ffa36d60000 - 0x00007ffa36d8c000 	C:\WINDOWS\SYSTEM32\dbgcore.DLL
0x00007ffa41330000 - 0x00007ffa413b3000 	C:\WINDOWS\System32\bcryptPrimitives.dll
0x00007ffa37750000 - 0x00007ffa37775000 	C:\Users\bezou\.jdks\adopt-openjdk-14.0.2\bin\java.dll
0x00007ffa37ad0000 - 0x00007ffa37ae6000 	C:\Users\bezou\.jdks\adopt-openjdk-14.0.2\bin\zip.dll
0x00007ffa42950000 - 0x00007ffa4308f000 	C:\WINDOWS\System32\SHELL32.dll
0x00007ffa3eb30000 - 0x00007ffa3f2c0000 	C:\WINDOWS\SYSTEM32\windows.storage.dll
0x00007ffa41a70000 - 0x00007ffa41dc5000 	C:\WINDOWS\System32\combase.dll
0x00007ffa40660000 - 0x00007ffa4068c000 	C:\WINDOWS\SYSTEM32\Wldp.dll
0x00007ffa42740000 - 0x00007ffa427ee000 	C:\WINDOWS\System32\SHCORE.dll
0x00007ffa419b0000 - 0x00007ffa41a05000 	C:\WINDOWS\System32\shlwapi.dll
0x00007ffa40b30000 - 0x00007ffa40b4f000 	C:\WINDOWS\SYSTEM32\profapi.dll
0x00007ffa34480000 - 0x00007ffa34499000 	C:\Users\bezou\.jdks\adopt-openjdk-14.0.2\bin\net.dll
0x00007ffa3f370000 - 0x00007ffa3f47b000 	C:\WINDOWS\SYSTEM32\WINHTTP.dll
0x00007ffa403d0000 - 0x00007ffa4043a000 	C:\WINDOWS\system32\mswsock.dll
0x00007ffa2f030000 - 0x00007ffa2f042000 	C:\Users\bezou\.jdks\adopt-openjdk-14.0.2\bin\nio.dll
0x00007ffa092f0000 - 0x00007ffa09354000 	C:\Users\bezou\AppData\Local\Temp\lwjglbezou\3.2.3-build-13\lwjgl.dll
0x00007ffa07e00000 - 0x00007ffa07e62000 	C:\Users\bezou\AppData\Local\Temp\lwjglbezou\3.2.3-build-13\glfw.dll
0x00007ffa3de40000 - 0x00007ffa3dede000 	C:\WINDOWS\system32\uxtheme.dll
0x00007ffa18440000 - 0x00007ffa18485000 	C:\WINDOWS\SYSTEM32\dinput8.dll
0x00007ffa37970000 - 0x00007ffa37981000 	C:\WINDOWS\SYSTEM32\xinput1_4.dll
0x00007ffa40fc0000 - 0x00007ffa4100e000 	C:\WINDOWS\System32\cfgmgr32.dll
0x00007ffa409a0000 - 0x00007ffa409cc000 	C:\WINDOWS\SYSTEM32\DEVOBJ.dll
0x00007ffa3e3a0000 - 0x00007ffa3e3cf000 	C:\WINDOWS\SYSTEM32\dwmapi.dll
0x00007ffa34f70000 - 0x00007ffa350c2000 	C:\WINDOWS\SYSTEM32\inputhost.dll
0x00007ffa420d0000 - 0x00007ffa4219d000 	C:\WINDOWS\System32\OLEAUT32.dll
0x00007ffa3db10000 - 0x00007ffa3dc02000 	C:\WINDOWS\SYSTEM32\CoreMessaging.dll
0x00007ffa3e910000 - 0x00007ffa3ea06000 	C:\WINDOWS\SYSTEM32\PROPSYS.dll
0x00007ffa3c450000 - 0x00007ffa3c5a4000 	C:\WINDOWS\SYSTEM32\wintypes.dll
0x00007ffa3d430000 - 0x00007ffa3d78e000 	C:\WINDOWS\SYSTEM32\CoreUIComponents.dll
0x00007ffa3f930000 - 0x00007ffa3f963000 	C:\WINDOWS\SYSTEM32\ntmarta.dll
0x00007ffa41520000 - 0x00007ffa41635000 	C:\WINDOWS\System32\MSCTF.dll
0x00007ffa3f2c0000 - 0x00007ffa3f2cd000 	C:\WINDOWS\SYSTEM32\HID.DLL
0x00007ffa42290000 - 0x00007ffa426f9000 	C:\WINDOWS\System32\SETUPAPI.DLL
0x00007ffa41300000 - 0x00007ffa41327000 	C:\WINDOWS\System32\bcrypt.dll
0x00007ffa41010000 - 0x00007ffa41070000 	C:\WINDOWS\System32\WINTRUST.dll
0x00007ffa413c0000 - 0x00007ffa4151f000 	C:\WINDOWS\System32\CRYPT32.dll
0x00007ffa407e0000 - 0x00007ffa407f2000 	C:\WINDOWS\SYSTEM32\MSASN1.dll
0x00007ffa07cd0000 - 0x00007ffa07df6000 	C:\WINDOWS\SYSTEM32\opengl32.dll
0x00007ffa355f0000 - 0x00007ffa3561c000 	C:\WINDOWS\SYSTEM32\GLU32.dll
0x00007ffa42880000 - 0x00007ffa42929000 	C:\WINDOWS\System32\clbcatq.dll
0x00007ff9d5250000 - 0x00007ff9d5d97000 	C:\WINDOWS\SYSTEM32\ig75icd64.dll
0x00007ffa31700000 - 0x00007ffa3213f000 	C:\WINDOWS\SYSTEM32\igdusc64.dll
0x00007ffa3b3d0000 - 0x00007ffa3b3e4000 	C:\WINDOWS\SYSTEM32\WTSAPI32.dll
0x00007ffa351d0000 - 0x00007ffa3520b000 	C:\WINDOWS\SYSTEM32\dxcore.dll
0x00007ffa40190000 - 0x00007ffa401db000 	C:\WINDOWS\SYSTEM32\powrprof.dll
0x00007ffa40050000 - 0x00007ffa40062000 	C:\WINDOWS\SYSTEM32\UMPDC.dll
0x00007ffa3f530000 - 0x00007ffa3f624000 	C:\WINDOWS\SYSTEM32\dxgi.dll
0x00007ffa3ca10000 - 0x00007ffa3cc74000 	C:\WINDOWS\SYSTEM32\d3d11.dll
0x00007ffa32420000 - 0x00007ffa3337d000 	C:\WINDOWS\SYSTEM32\igd10iumd64.dll
0x00007ffa406d0000 - 0x00007ffa406f7000 	C:\WINDOWS\SYSTEM32\ncrypt.dll
0x00007ffa40690000 - 0x00007ffa406cb000 	C:\WINDOWS\SYSTEM32\NTASN1.dll
0x00007ffa350d0000 - 0x00007ffa351c9000 	C:\WINDOWS\SYSTEM32\textinputframework.dll
0x00007ffa079e0000 - 0x00007ffa07a39000 	C:\Users\bezou\AppData\Local\Temp\lwjglbezou\3.2.3-build-13\lwjgl_opengl.dll
0x00007ffa3c320000 - 0x00007ffa3c330000 	C:\Users\bezou\.jdks\adopt-openjdk-14.0.2\bin\verify.dll
0x00007ffa078d0000 - 0x00007ffa07947000 	C:\Users\bezou\AppData\Local\Temp\lwjglbezou\3.2.3-build-13\lwjgl_stb.dll

dbghelp: loaded successfully - version: 4.0.5 - missing functions: none
symbol engine: initialized successfully - sym options: 0x614 - pdb path: .;C:\Users\bezou\.jdks\adopt-openjdk-14.0.2\bin;C:\WINDOWS\SYSTEM32;C:\Program Files\AVAST Software\Avast;C:\WINDOWS\WinSxS\amd64_microsoft.windows.common-controls_6595b64144ccf1df_6.0.19041.844_none_ca00b6081b84eb1d;C:\Users\bezou\.jdks\adopt-openjdk-14.0.2\bin\server;C:\Users\bezou\AppData\Local\Temp\lwjglbezou\3.2.3-build-13

VM Arguments:
jvm_args: -Dfile.encoding=windows-1252 -Duser.country=US -Duser.language=en -Duser.variant 
java_command: educanet.Main
java_class_path (initial): C:\Users\bezou\Google Drive\Educanet\2020-2021\Game dev\ekuel gamedev\openglex3-sprity\Matrix\build\classes\java\main;C:\Users\bezou\Google Drive\Educanet\2020-2021\Game dev\ekuel gamedev\openglex3-sprity\Matrix\build\resources\main;C:\Users\bezou\.gradle\caches\modules-2\files-2.1\org.lwjgl\lwjgl-assimp\3.2.3\f62aa07a20afbdd3097efc296c4841e0d29700eb\lwjgl-assimp-3.2.3.jar;C:\Users\bezou\.gradle\caches\modules-2\files-2.1\org.lwjgl\lwjgl-assimp\3.2.3\4e60aeb75f0343c4a9ede4ef8b6b32ca702a00a3\lwjgl-assimp-3.2.3-natives-windows.jar;C:\Users\bezou\.gradle\caches\modules-2\files-2.1\org.lwjgl\lwjgl-glfw\3.2.3\5e520d5c290c8b012545a8d34fa5db5ab051ea53\lwjgl-glfw-3.2.3.jar;C:\Users\bezou\.gradle\caches\modules-2\files-2.1\org.lwjgl\lwjgl-glfw\3.2.3\b4d8a3477cdc2edcf7a5f1e822926be846223f54\lwjgl-glfw-3.2.3-natives-windows.jar;C:\Users\bezou\.gradle\caches\modules-2\files-2.1\org.lwjgl\lwjgl-openal\3.2.3\106742e805803ab9eab8e343f0fb31a3d263903c\lwjgl-openal-3.2.3.jar;C:\Users\bezou\.gradle\caches\modules-2\files-2.1\org.lwjgl\lwjgl-openal\3.2.3\ec898e8ce11b5886f4f532a1536283ef2817758d\lwjgl-openal-3.2.3-natives-windows.jar;C:\Users\bezou\.gradle\caches\modules-2\files-2.1\org.lwjgl\lwjgl-opengl\3.2.3\bdd534a323d0c8f54969b95e424b6ac8984f7d6e\lwjgl-opengl-3.2.3.jar;C:\Users\bezou\.gradle\caches\modules-2\files-2.1\org.lwjgl\lwjgl-opengl\3.2.3\e81cfc73ec8708e5e791ed770e4ec3edfc1bbab1\lwjgl-opengl-3.2.3-natives-windows.jar;C:\Users\bezou\.gradle\caches\modules-2\files-2.1\org.lwjgl\lwjgl-stb\3.2.3\40eccaa4fa86fc815f2e17946a392fb5fdcc286a\lwjgl-stb-3.2.3.jar;C:\Users\bezou\.gradle\caches\modules-2\files-2.1\org.lwjgl\lwjgl-stb\3.2.3\817b21ec286f0ba3dcedb56a3bd275e6a9345be9\lwjgl-stb-3.2.3-natives-windows.jar;C:\Users\bezou\.gradle\caches\modules-2\files-2.1\org.lwjgl\lwjgl\3.2.3\17a59ba0fe8d474ec9dbe0d5db40d2cfe59c4c08\lwjgl-3.2.3.jar;C:\Users\bezou\.gradle\caches\modules-2\files-2.1\org.lwjgl\lwjgl\3.2.3\27f32cd35349684745951e04388e8e00d681cdcd\lwjg
Launcher Type: SUN_STANDARD

[Global flags]
     intx CICompilerCount                          = 3                                         {product} {ergonomic}
     uint ConcGCThreads                            = 1                                         {product} {ergonomic}
     uint G1ConcRefinementThreads                  = 4                                         {product} {ergonomic}
   size_t G1HeapRegionSize                         = 1048576                                   {product} {ergonomic}
    uintx GCDrainStackTargetSize                   = 64                                        {product} {ergonomic}
   size_t InitialHeapSize                          = 197132288                                 {product} {ergonomic}
   size_t MarkStackSize                            = 4194304                                   {product} {ergonomic}
   size_t MaxHeapSize                              = 3139436544                                {product} {ergonomic}
   size_t MaxNewSize                               = 1883242496                                {product} {ergonomic}
   size_t MinHeapDeltaBytes                        = 1048576                                   {product} {ergonomic}
   size_t MinHeapSize                              = 8388608                                   {product} {ergonomic}
    uintx NonNMethodCodeHeapSize                   = 5832780                                {pd product} {ergonomic}
    uintx NonProfiledCodeHeapSize                  = 122912730                              {pd product} {ergonomic}
    uintx ProfiledCodeHeapSize                     = 122912730                              {pd product} {ergonomic}
    uintx ReservedCodeCacheSize                    = 251658240                              {pd product} {ergonomic}
     bool SegmentedCodeCache                       = true                                      {product} {ergonomic}
   size_t SoftMaxHeapSize                          = 3139436544                             {manageable} {ergonomic}
     bool UseCompressedClassPointers               = true                                 {lp64_product} {ergonomic}
     bool UseCompressedOops                        = true                                 {lp64_product} {ergonomic}
     bool UseG1GC                                  = true                                      {product} {ergonomic}
     bool UseLargePagesIndividualAllocation        = false                                  {pd product} {ergonomic}

Logging:
Log output configuration:
 #0: stdout all=warning uptime,level,tags
 #1: stderr all=off uptime,level,tags

Environment Variables:
PATH=C:\Program Files (x86)\PC Connectivity Solution\;C:\Program Files (x86)\NVIDIA Corporation\PhysX\Common;C:\WINDOWS\system32;C:\WINDOWS;C:\WINDOWS\System32\Wbem;C:\WINDOWS\System32\WindowsPowerShell\v1.0\;C:\WINDOWS\System32\OpenSSH\;C:\Program Files\Java\jdk-13.0.1\bin;C:\Program Files\Intel\WiFi\bin\;C:\Program Files\Common Files\Intel\WirelessCommon\;C:\Program Files\Git\cmd;C:\Program Files\nodejs\;C:\Users\bezou\AppData\Local\Microsoft\WindowsApps;C:\Program Files\JetBrains\IntelliJ IDEA 2020.3\bin;;C:\Program Files\Intel\WiFi\bin\;C:\Program Files\Common Files\Intel\WirelessCommon\;C:\Users\bezou\AppData\Local\GitHubDesktop\bin;C:\Users\bezou\AppData\Roaming\npm
USERNAME=bezou
OS=Windows_NT
PROCESSOR_IDENTIFIER=Intel64 Family 6 Model 69 Stepping 1, GenuineIntel



---------------  S Y S T E M  ---------------

OS: Windows 10 , 64 bit Build 19041 (10.0.19041.1023)
OS uptime: 4 days 2:13 hours

CPU:total 4 (initial active 4) (2 cores per cpu, 2 threads per core) family 6 model 69 stepping 1, cmov, cx8, fxsr, mmx, sse, sse2, sse3, ssse3, sse4.1, sse4.2, popcnt, avx, avx2, aes, clmul, erms, lzcnt, ht, tsc, tscinvbit, bmi1, bmi2, fma

Memory: 4k page, system-wide physical 11974M (2557M free)
TotalPageFile size 16632M (AvailPageFile size 3632M)
current process WorkingSet (physical memory assigned to process): 118M, peak: 122M
current process commit charge ("private bytes"): 337M, peak: 355M

vm_info: OpenJDK 64-Bit Server VM (14.0.2+12) for windows-amd64 JRE (14.0.2+12), built on Jul 15 2020 11:30:16 by "" with MS VC++ 15.9 (VS2017)

END.
