#
# A fatal error has been detected by the Java Runtime Environment:
#
#  EXCEPTION_ACCESS_VIOLATION (0xc0000005) at pc=0x00007ff9d55502b6, pid=13768, tid=13760
#
# JRE version: OpenJDK Runtime Environment AdoptOpenJDK (14.0.2+12) (build 14.0.2+12)
# Java VM: OpenJDK 64-Bit Server VM AdoptOpenJDK (14.0.2+12, mixed mode, sharing, tiered, compressed oops, g1 gc, windows-amd64)
# Problematic frame:
# C  [ig75icd64.dll+0x3002b6]
#
# No core dump will be written. Minidumps are not enabled by default on client versions of Windows
#
# If you would like to submit a bug report, please visit:
#   https://github.com/AdoptOpenJDK/openjdk-support/issues
# The crash happened outside the Java Virtual Machine in native code.
# See problematic frame for where to report the bug.
#

---------------  S U M M A R Y ------------

Command Line: -Dfile.encoding=windows-1252 -Duser.country=US -Duser.language=en -Duser.variant educanet.Main

Host: Intel(R) Core(TM) i7-4600U CPU @ 2.10GHz, 4 cores, 11G,  Windows 10 , 64 bit Build 19041 (10.0.19041.1023)
Time: Fri Jun  4 09:50:54 2021 Central Europe Daylight Time elapsed time: 7 seconds (0d 0h 0m 7s)

---------------  T H R E A D  ---------------

Current thread (0x0000021fb7b82000):  JavaThread "main" [_thread_in_native, id=13760, stack(0x00000061e6600000,0x00000061e6700000)]

Stack: [0x00000061e6600000,0x00000061e6700000],  sp=0x00000061e66fef50,  free space=1019k
Native frames: (J=compiled Java code, j=interpreted, Vv=VM code, C=native code)
C  [ig75icd64.dll+0x3002b6]

Java frames: (J=compiled Java code, j=interpreted, Vv=VM code)
J 750  org.lwjgl.system.JNI.invokeV(J)V (0 bytes) @ 0x0000021fc810a671 [0x0000021fc810a620+0x0000000000000051]
j  org.lwjgl.glfw.GLFW.glfwTerminate()V+5
j  educanet.Main.main([Ljava/lang/String;)V+136
v  ~StubRoutines::call_stub

siginfo: EXCEPTION_ACCESS_VIOLATION (0xc0000005), reading address 0x0000000000380030


Register to memory mapping:

RIP=0x00007ff9d55502b6 ig75icd64.dll
RAX=0x0000000000380010 is an unknown value
RBX=0x0000021fdba033f0 points into unknown readable memory: 00 10 30 5e 20 02 00 00
RCX=0x0000021fdba03170 points into unknown readable memory: 10 c8 4b db 1f 02 00 00
RDX=0x0000021fdb4e9040 points into unknown readable memory: 80 00 41 db 1f 02 00 00
RSP=0x00000061e66fef50 is pointing into the stack for thread: 0x0000021fb7b82000
RBP=0x0000021fdb4e9040 points into unknown readable memory: 80 00 41 db 1f 02 00 00
RSI=0x0000021fdb4e9040 points into unknown readable memory: 80 00 41 db 1f 02 00 00
RDI=0x0000021fdba033f0 points into unknown readable memory: 00 10 30 5e 20 02 00 00
R8 =0x0000021fb5941e00 points into unknown readable memory: c0 0c 94 b5 1f 02 00 00
R9 =0x0000000000000001 is an unknown value
R10=0x0000000000008000 is an unknown value
R11=0x00000061e66fef30 is pointing into the stack for thread: 0x0000021fb7b82000
R12=0x0 is NULL
R13=0x00000061e66ff240 is pointing into the stack for thread: 0x0000021fb7b82000
R14=0x0000000000000018 is an unknown value
R15=0x0000021fb7b82000 is a thread


Registers:
RAX=0x0000000000380010, RBX=0x0000021fdba033f0, RCX=0x0000021fdba03170, RDX=0x0000021fdb4e9040
RSP=0x00000061e66fef50, RBP=0x0000021fdb4e9040, RSI=0x0000021fdb4e9040, RDI=0x0000021fdba033f0
R8 =0x0000021fb5941e00, R9 =0x0000000000000001, R10=0x0000000000008000, R11=0x00000061e66fef30
R12=0x0000000000000000, R13=0x00000061e66ff240, R14=0x0000000000000018, R15=0x0000021fb7b82000
RIP=0x00007ff9d55502b6, EFLAGS=0x0000000000010206

Top of Stack: (sp=0x00000061e66fef50)
0x00000061e66fef50:   0000021fd9761e50 00007ffa434d47b1
0x00000061e66fef60:   0000000000000000 0000021fb5990000
0x00000061e66fef70:   0000021fd9762e00 00007ff9d549a85d
0x00000061e66fef80:   0000000000000000 0000021fdb4e9040
0x00000061e66fef90:   0000000000000002 00007ffa40c4a55f
0x00000061e66fefa0:   0000021fd9762e00 00007ff9d5323e09
0x00000061e66fefb0:   0000021fd9761f00 00007ffa434d47b1
0x00000061e66fefc0:   0000021fd95f55a0 0000021fb5990000
0x00000061e66fefd0:   0000000000000003 00007ff9d533fa39
0x00000061e66fefe0:   0000021fd9762d50 0000021fd95f5970
0x00000061e66feff0:   0000021fd95f5970 00007ff9d57d1138
0x00000061e66ff000:   0000000000000003 00007ff9d525b21d
0x00000061e66ff010:   0000000000000000 00000061e66ff070
0x00000061e66ff020:   0000000000000001 00007ff9d525aa30
0x00000061e66ff030:   0000000000000001 0000000000000000
0x00000061e66ff040:   0000000000000000 0000021fdb4e9040 

Instructions: (pc=0x00007ff9d55502b6)
0x00007ff9d55501b6:   8b 95 d0 ea 02 00 ff 50 10 48 8b 4b 28 48 85 c9
0x00007ff9d55501c6:   74 09 48 8b 01 41 8d 56 01 ff 10 4c 89 73 28 48
0x00007ff9d55501d6:   8d 0d 44 2f 7a 00 e8 8f 85 fa ff 89 46 20 8b 4b
0x00007ff9d55501e6:   08 44 89 73 08 44 89 73 20 41 8b c6 89 4b 0c eb
0x00007ff9d55501f6:   69 48 8b 43 28 48 8b 48 20 48 8b 49 08 e8 98 19
0x00007ff9d5550206:   2a 00 44 8b 43 20 41 83 c0 0f 8b c0 41 8b d0 48
0x00007ff9d5550216:   83 e2 f0 48 03 d7 48 3b d0 7e 1f 48 8b d5 48 8b
0x00007ff9d5550226:   ce e8 14 a6 f4 ff 8b 43 08 44 89 73 08 89 43 0c
0x00007ff9d5550236:   89 7b 20 b8 08 00 00 00 eb 1a 8b 43 08 41 83 e0
0x00007ff9d5550246:   f0 89 43 0c 41 8d 04 38 44 89 43 08 89 43 20 b8
0x00007ff9d5550256:   04 00 00 00 8d 4f e0 89 4e 14 48 8b 5c 24 30 48
0x00007ff9d5550266:   8b 6c 24 38 48 8b 74 24 40 48 8b 7c 24 48 48 83
0x00007ff9d5550276:   c4 20 41 5e c3 cc cc cc cc cc 48 8b 01 c6 42 10
0x00007ff9d5550286:   01 c7 42 1c 00 00 00 00 48 89 42 08 c3 cc cc cc
0x00007ff9d5550296:   cc cc cc cc cc cc cc cc cc cc 40 53 48 83 ec 20
0x00007ff9d55502a6:   48 83 39 00 48 8b d9 74 11 48 8b 49 28 48 8b 01
0x00007ff9d55502b6:   ff 50 20 48 c7 03 00 00 00 00 48 83 c4 20 5b c3
0x00007ff9d55502c6:   cc cc cc cc cc cc cc cc cc cc 48 89 4c 24 08 53
0x00007ff9d55502d6:   48 83 ec 30 48 c7 44 24 20 fe ff ff ff 48 8b d9
0x00007ff9d55502e6:   48 8b 49 38 48 85 c9 74 03 ff 53 48 48 8b 4b 30
0x00007ff9d55502f6:   48 85 c9 74 06 e8 70 0b 26 00 90 48 8b 4b 20 48
0x00007ff9d5550306:   85 c9 74 0c 48 83 c4 30 5b 48 ff 25 72 c1 47 00
0x00007ff9d5550316:   48 83 c4 30 5b c3 cc cc cc cc 40 57 48 83 ec 20
0x00007ff9d5550326:   49 8b f9 48 8b c2 4d 85 c9 75 08 32 c0 48 83 c4
0x00007ff9d5550336:   20 5f c3 48 89 5c 24 30 41 81 e8 12 91 00 00 74
0x00007ff9d5550346:   73 41 ff c8 74 62 41 ff c8 74 24 41 ff c8 74 0d
0x00007ff9d5550356:   32 c0 48 8b 5c 24 30 48 83 c4 20 5f c3 33 db b0
0x00007ff9d5550366:   01 41 89 19 48 8b 5c 24 30 48 83 c4 20 5f c3 48
0x00007ff9d5550376:   8b 51 30 48 8b 88 d8 ea 02 00 4c 8d 44 24 48 33
0x00007ff9d5550386:   db 48 89 5c 24 48 e8 7f f7 25 00 3d 1a 91 00 00
0x00007ff9d5550396:   b0 01 0f 94 c3 81 c3 18 91 00 00 89 1f 48 8b 5c
0x00007ff9d55503a6:   24 30 48 83 c4 20 5f c3 b8 17 91 00 00 ba 41 82 


Stack slot to memory mapping:
stack at sp + 0 slots: 0x0000021fd9761e50 points into unknown readable memory: 00 00 00 00 00 00 00 00
stack at sp + 1 slots: 0x00007ffa434d47b1 ntdll.dll
stack at sp + 2 slots: 0x0 is NULL
stack at sp + 3 slots: 0x0000021fb5990000 points into unknown readable memory: 00 00 00 00 00 00 00 00
stack at sp + 4 slots: 0x0000021fd9762e00 points into unknown readable memory: 00 00 00 00 00 00 00 00
stack at sp + 5 slots: 0x00007ff9d549a85d ig75icd64.dll
stack at sp + 6 slots: 0x0 is NULL
stack at sp + 7 slots: 0x0000021fdb4e9040 points into unknown readable memory: 80 00 41 db 1f 02 00 00


---------------  P R O C E S S  ---------------

Threads class SMR info:
_java_thread_list=0x0000021fd9478b20, length=11, elements={
0x0000021fb7b82000, 0x0000021fd8a5c800, 0x0000021fd8a5d800, 0x0000021fd937d800,
0x0000021fd9382800, 0x0000021fd938b000, 0x0000021fd9390800, 0x0000021fd9392000,
0x0000021fd93f8000, 0x0000021fd94bd000, 0x0000021fd94cb800
}

Java Threads: ( => current thread )
=>0x0000021fb7b82000 JavaThread "main" [_thread_in_native, id=13760, stack(0x00000061e6600000,0x00000061e6700000)]
  0x0000021fd8a5c800 JavaThread "Reference Handler" daemon [_thread_blocked, id=11036, stack(0x00000061e6d00000,0x00000061e6e00000)]
  0x0000021fd8a5d800 JavaThread "Finalizer" daemon [_thread_blocked, id=12764, stack(0x00000061e6e00000,0x00000061e6f00000)]
  0x0000021fd937d800 JavaThread "Signal Dispatcher" daemon [_thread_blocked, id=9196, stack(0x00000061e7000000,0x00000061e7100000)]
  0x0000021fd9382800 JavaThread "Attach Listener" daemon [_thread_blocked, id=18000, stack(0x00000061e7100000,0x00000061e7200000)]
  0x0000021fd938b000 JavaThread "Service Thread" daemon [_thread_blocked, id=11912, stack(0x00000061e7200000,0x00000061e7300000)]
  0x0000021fd9390800 JavaThread "C2 CompilerThread0" daemon [_thread_blocked, id=17224, stack(0x00000061e7300000,0x00000061e7400000)]
  0x0000021fd9392000 JavaThread "C1 CompilerThread0" daemon [_thread_blocked, id=3480, stack(0x00000061e7400000,0x00000061e7500000)]
  0x0000021fd93f8000 JavaThread "Sweeper thread" daemon [_thread_blocked, id=12808, stack(0x00000061e7500000,0x00000061e7600000)]
  0x0000021fd94bd000 JavaThread "Notification Thread" daemon [_thread_blocked, id=9824, stack(0x00000061e7600000,0x00000061e7700000)]
  0x0000021fd94cb800 JavaThread "Common-Cleaner" daemon [_thread_blocked, id=11920, stack(0x00000061e7800000,0x00000061e7900000)]

Other Threads:
  0x0000021fd8a5a000 VMThread "VM Thread" [stack: 0x00000061e6c00000,0x00000061e6d00000] [id=4536]
  0x0000021fd94be800 WatcherThread [stack: 0x00000061e7700000,0x00000061e7800000] [id=7232]
  0x0000021fb7bd5800 GCTaskThread "GC Thread#0" [stack: 0x00000061e6700000,0x00000061e6800000] [id=21352]
  0x0000021fdb7ae800 GCTaskThread "GC Thread#1" [stack: 0x00000061e7f00000,0x00000061e8000000] [id=5832]
  0x0000021fdb84d800 GCTaskThread "GC Thread#2" [stack: 0x00000061e8000000,0x00000061e8100000] [id=17492]
  0x0000021fdb81a000 GCTaskThread "GC Thread#3" [stack: 0x00000061e8100000,0x00000061e8200000] [id=10024]
  0x0000021fb7bee800 ConcurrentGCThread "G1 Main Marker" [stack: 0x00000061e6800000,0x00000061e6900000] [id=20216]
  0x0000021fb7bf0800 ConcurrentGCThread "G1 Conc#0" [stack: 0x00000061e6900000,0x00000061e6a00000] [id=19856]
  0x0000021fb7c5e800 ConcurrentGCThread "G1 Refine#0" [stack: 0x00000061e6a00000,0x00000061e6b00000] [id=20676]
  0x0000021fd88cd000 ConcurrentGCThread "G1 Young RemSet Sampling" [stack: 0x00000061e6b00000,0x00000061e6c00000] [id=20784]

Threads with active compile tasks:

VM state:not at safepoint (normal execution)

VM Mutex/Monitor currently owned by a thread: None

Heap address: 0x0000000744e00000, size: 2994 MB, Compressed Oops mode: Zero based, Oop shift amount: 3
Narrow klass base: 0x0000000800000000, Narrow klass shift: 3
Compressed class space size: 1073741824 Address: 0x0000000800b30000

Heap:
 garbage-first heap   total 192512K, used 7696K [0x0000000744e00000, 0x0000000800000000)
  region size 1024K, 10 young (10240K), 2 survivors (2048K)
 Metaspace       used 6693K, capacity 9666K, committed 9856K, reserved 1058816K
  class space    used 321K, capacity 633K, committed 640K, reserved 1048576K
Heap Regions: E=young(eden), S=young(survivor), O=old, HS=humongous(starts), HC=humongous(continues), CS=collection set, F=free, OA=open archive, CA=closed archive, TAMS=top-at-mark-start (previous, next)
|   0|0x0000000744e00000, 0x0000000744e00000, 0x0000000744f00000|  0%| F|  |TAMS 0x0000000744e00000, 0x0000000744e00000| Untracked 
|   1|0x0000000744f00000, 0x0000000744f00000, 0x0000000745000000|  0%| F|  |TAMS 0x0000000744f00000, 0x0000000744f00000| Untracked 
|   2|0x0000000745000000, 0x0000000745000000, 0x0000000745100000|  0%| F|  |TAMS 0x0000000745000000, 0x0000000745000000| Untracked 
|   3|0x0000000745100000, 0x0000000745100000, 0x0000000745200000|  0%| F|  |TAMS 0x0000000745100000, 0x0000000745100000| Untracked 
|   4|0x0000000745200000, 0x0000000745200000, 0x0000000745300000|  0%| F|  |TAMS 0x0000000745200000, 0x0000000745200000| Untracked 
|   5|0x0000000745300000, 0x0000000745300000, 0x0000000745400000|  0%| F|  |TAMS 0x0000000745300000, 0x0000000745300000| Untracked 
|   6|0x0000000745400000, 0x0000000745400000, 0x0000000745500000|  0%| F|  |TAMS 0x0000000745400000, 0x0000000745400000| Untracked 
|   7|0x0000000745500000, 0x0000000745500000, 0x0000000745600000|  0%| F|  |TAMS 0x0000000745500000, 0x0000000745500000| Untracked 
|   8|0x0000000745600000, 0x0000000745600000, 0x0000000745700000|  0%| F|  |TAMS 0x0000000745600000, 0x0000000745600000| Untracked 
|   9|0x0000000745700000, 0x0000000745700000, 0x0000000745800000|  0%| F|  |TAMS 0x0000000745700000, 0x0000000745700000| Untracked 
|  10|0x0000000745800000, 0x0000000745800000, 0x0000000745900000|  0%| F|  |TAMS 0x0000000745800000, 0x0000000745800000| Untracked 
|  11|0x0000000745900000, 0x0000000745900000, 0x0000000745a00000|  0%| F|  |TAMS 0x0000000745900000, 0x0000000745900000| Untracked 
|  12|0x0000000745a00000, 0x0000000745a00000, 0x0000000745b00000|  0%| F|  |TAMS 0x0000000745a00000, 0x0000000745a00000| Untracked 
|  13|0x0000000745b00000, 0x0000000745b00000, 0x0000000745c00000|  0%| F|  |TAMS 0x0000000745b00000, 0x0000000745b00000| Untracked 
|  14|0x0000000745c00000, 0x0000000745c00000, 0x0000000745d00000|  0%| F|  |TAMS 0x0000000745c00000, 0x0000000745c00000| Untracked 
|  15|0x0000000745d00000, 0x0000000745d00000, 0x0000000745e00000|  0%| F|  |TAMS 0x0000000745d00000, 0x0000000745d00000| Untracked 
|  16|0x0000000745e00000, 0x0000000745e00000, 0x0000000745f00000|  0%| F|  |TAMS 0x0000000745e00000, 0x0000000745e00000| Untracked 
|  17|0x0000000745f00000, 0x0000000745f00000, 0x0000000746000000|  0%| F|  |TAMS 0x0000000745f00000, 0x0000000745f00000| Untracked 
|  18|0x0000000746000000, 0x0000000746000000, 0x0000000746100000|  0%| F|  |TAMS 0x0000000746000000, 0x0000000746000000| Untracked 
|  19|0x0000000746100000, 0x0000000746100000, 0x0000000746200000|  0%| F|  |TAMS 0x0000000746100000, 0x0000000746100000| Untracked 
|  20|0x0000000746200000, 0x0000000746200000, 0x0000000746300000|  0%| F|  |TAMS 0x0000000746200000, 0x0000000746200000| Untracked 
|  21|0x0000000746300000, 0x0000000746300000, 0x0000000746400000|  0%| F|  |TAMS 0x0000000746300000, 0x0000000746300000| Untracked 
|  22|0x0000000746400000, 0x0000000746400000, 0x0000000746500000|  0%| F|  |TAMS 0x0000000746400000, 0x0000000746400000| Untracked 
|  23|0x0000000746500000, 0x0000000746500000, 0x0000000746600000|  0%| F|  |TAMS 0x0000000746500000, 0x0000000746500000| Untracked 
|  24|0x0000000746600000, 0x0000000746600000, 0x0000000746700000|  0%| F|  |TAMS 0x0000000746600000, 0x0000000746600000| Untracked 
|  25|0x0000000746700000, 0x0000000746700000, 0x0000000746800000|  0%| F|  |TAMS 0x0000000746700000, 0x0000000746700000| Untracked 
|  26|0x0000000746800000, 0x0000000746800000, 0x0000000746900000|  0%| F|  |TAMS 0x0000000746800000, 0x0000000746800000| Untracked 
|  27|0x0000000746900000, 0x0000000746900000, 0x0000000746a00000|  0%| F|  |TAMS 0x0000000746900000, 0x0000000746900000| Untracked 
|  28|0x0000000746a00000, 0x0000000746a00000, 0x0000000746b00000|  0%| F|  |TAMS 0x0000000746a00000, 0x0000000746a00000| Untracked 
|  29|0x0000000746b00000, 0x0000000746b00000, 0x0000000746c00000|  0%| F|  |TAMS 0x0000000746b00000, 0x0000000746b00000| Untracked 
|  30|0x0000000746c00000, 0x0000000746c00000, 0x0000000746d00000|  0%| F|  |TAMS 0x0000000746c00000, 0x0000000746c00000| Untracked 
|  31|0x0000000746d00000, 0x0000000746d00000, 0x0000000746e00000|  0%| F|  |TAMS 0x0000000746d00000, 0x0000000746d00000| Untracked 
|  32|0x0000000746e00000, 0x0000000746e00000, 0x0000000746f00000|  0%| F|  |TAMS 0x0000000746e00000, 0x0000000746e00000| Untracked 
|  33|0x0000000746f00000, 0x0000000746f00000, 0x0000000747000000|  0%| F|  |TAMS 0x0000000746f00000, 0x0000000746f00000| Untracked 
|  34|0x0000000747000000, 0x0000000747000000, 0x0000000747100000|  0%| F|  |TAMS 0x0000000747000000, 0x0000000747000000| Untracked 
|  35|0x0000000747100000, 0x0000000747100000, 0x0000000747200000|  0%| F|  |TAMS 0x0000000747100000, 0x0000000747100000| Untracked 
|  36|0x0000000747200000, 0x0000000747200000, 0x0000000747300000|  0%| F|  |TAMS 0x0000000747200000, 0x0000000747200000| Untracked 
|  37|0x0000000747300000, 0x0000000747300000, 0x0000000747400000|  0%| F|  |TAMS 0x0000000747300000, 0x0000000747300000| Untracked 
|  38|0x0000000747400000, 0x0000000747400000, 0x0000000747500000|  0%| F|  |TAMS 0x0000000747400000, 0x0000000747400000| Untracked 
|  39|0x0000000747500000, 0x0000000747500000, 0x0000000747600000|  0%| F|  |TAMS 0x0000000747500000, 0x0000000747500000| Untracked 
|  40|0x0000000747600000, 0x0000000747600000, 0x0000000747700000|  0%| F|  |TAMS 0x0000000747600000, 0x0000000747600000| Untracked 
|  41|0x0000000747700000, 0x0000000747700000, 0x0000000747800000|  0%| F|  |TAMS 0x0000000747700000, 0x0000000747700000| Untracked 
|  42|0x0000000747800000, 0x0000000747800000, 0x0000000747900000|  0%| F|  |TAMS 0x0000000747800000, 0x0000000747800000| Untracked 
|  43|0x0000000747900000, 0x0000000747900000, 0x0000000747a00000|  0%| F|  |TAMS 0x0000000747900000, 0x0000000747900000| Untracked 
|  44|0x0000000747a00000, 0x0000000747a00000, 0x0000000747b00000|  0%| F|  |TAMS 0x0000000747a00000, 0x0000000747a00000| Untracked 
|  45|0x0000000747b00000, 0x0000000747b00000, 0x0000000747c00000|  0%| F|  |TAMS 0x0000000747b00000, 0x0000000747b00000| Untracked 
|  46|0x0000000747c00000, 0x0000000747c00000, 0x0000000747d00000|  0%| F|  |TAMS 0x0000000747c00000, 0x0000000747c00000| Untracked 
|  47|0x0000000747d00000, 0x0000000747d00000, 0x0000000747e00000|  0%| F|  |TAMS 0x0000000747d00000, 0x0000000747d00000| Untracked 
|  48|0x0000000747e00000, 0x0000000747e00000, 0x0000000747f00000|  0%| F|  |TAMS 0x0000000747e00000, 0x0000000747e00000| Untracked 
|  49|0x0000000747f00000, 0x0000000747f00000, 0x0000000748000000|  0%| F|  |TAMS 0x0000000747f00000, 0x0000000747f00000| Untracked 
|  50|0x0000000748000000, 0x0000000748000000, 0x0000000748100000|  0%| F|  |TAMS 0x0000000748000000, 0x0000000748000000| Untracked 
|  51|0x0000000748100000, 0x0000000748100000, 0x0000000748200000|  0%| F|  |TAMS 0x0000000748100000, 0x0000000748100000| Untracked 
|  52|0x0000000748200000, 0x0000000748200000, 0x0000000748300000|  0%| F|  |TAMS 0x0000000748200000, 0x0000000748200000| Untracked 
|  53|0x0000000748300000, 0x0000000748300000, 0x0000000748400000|  0%| F|  |TAMS 0x0000000748300000, 0x0000000748300000| Untracked 
|  54|0x0000000748400000, 0x0000000748400000, 0x0000000748500000|  0%| F|  |TAMS 0x0000000748400000, 0x0000000748400000| Untracked 
|  55|0x0000000748500000, 0x0000000748500000, 0x0000000748600000|  0%| F|  |TAMS 0x0000000748500000, 0x0000000748500000| Untracked 
|  56|0x0000000748600000, 0x0000000748600000, 0x0000000748700000|  0%| F|  |TAMS 0x0000000748600000, 0x0000000748600000| Untracked 
|  57|0x0000000748700000, 0x0000000748700000, 0x0000000748800000|  0%| F|  |TAMS 0x0000000748700000, 0x0000000748700000| Untracked 
|  58|0x0000000748800000, 0x0000000748800000, 0x0000000748900000|  0%| F|  |TAMS 0x0000000748800000, 0x0000000748800000| Untracked 
|  59|0x0000000748900000, 0x0000000748900000, 0x0000000748a00000|  0%| F|  |TAMS 0x0000000748900000, 0x0000000748900000| Untracked 
|  60|0x0000000748a00000, 0x0000000748a00000, 0x0000000748b00000|  0%| F|  |TAMS 0x0000000748a00000, 0x0000000748a00000| Untracked 
|  61|0x0000000748b00000, 0x0000000748b00000, 0x0000000748c00000|  0%| F|  |TAMS 0x0000000748b00000, 0x0000000748b00000| Untracked 
|  62|0x0000000748c00000, 0x0000000748c00000, 0x0000000748d00000|  0%| F|  |TAMS 0x0000000748c00000, 0x0000000748c00000| Untracked 
|  63|0x0000000748d00000, 0x0000000748d00000, 0x0000000748e00000|  0%| F|  |TAMS 0x0000000748d00000, 0x0000000748d00000| Untracked 
|  64|0x0000000748e00000, 0x0000000748e00000, 0x0000000748f00000|  0%| F|  |TAMS 0x0000000748e00000, 0x0000000748e00000| Untracked 
|  65|0x0000000748f00000, 0x0000000748f00000, 0x0000000749000000|  0%| F|  |TAMS 0x0000000748f00000, 0x0000000748f00000| Untracked 
|  66|0x0000000749000000, 0x0000000749000000, 0x0000000749100000|  0%| F|  |TAMS 0x0000000749000000, 0x0000000749000000| Untracked 
|  67|0x0000000749100000, 0x0000000749100000, 0x0000000749200000|  0%| F|  |TAMS 0x0000000749100000, 0x0000000749100000| Untracked 
|  68|0x0000000749200000, 0x0000000749200000, 0x0000000749300000|  0%| F|  |TAMS 0x0000000749200000, 0x0000000749200000| Untracked 
|  69|0x0000000749300000, 0x0000000749300000, 0x0000000749400000|  0%| F|  |TAMS 0x0000000749300000, 0x0000000749300000| Untracked 
|  70|0x0000000749400000, 0x0000000749400000, 0x0000000749500000|  0%| F|  |TAMS 0x0000000749400000, 0x0000000749400000| Untracked 
|  71|0x0000000749500000, 0x0000000749500000, 0x0000000749600000|  0%| F|  |TAMS 0x0000000749500000, 0x0000000749500000| Untracked 
|  72|0x0000000749600000, 0x0000000749600000, 0x0000000749700000|  0%| F|  |TAMS 0x0000000749600000, 0x0000000749600000| Untracked 
|  73|0x0000000749700000, 0x0000000749700000, 0x0000000749800000|  0%| F|  |TAMS 0x0000000749700000, 0x0000000749700000| Untracked 
|  74|0x0000000749800000, 0x0000000749800000, 0x0000000749900000|  0%| F|  |TAMS 0x0000000749800000, 0x0000000749800000| Untracked 
|  75|0x0000000749900000, 0x0000000749900000, 0x0000000749a00000|  0%| F|  |TAMS 0x0000000749900000, 0x0000000749900000| Untracked 
|  76|0x0000000749a00000, 0x0000000749a00000, 0x0000000749b00000|  0%| F|  |TAMS 0x0000000749a00000, 0x0000000749a00000| Untracked 
|  77|0x0000000749b00000, 0x0000000749b00000, 0x0000000749c00000|  0%| F|  |TAMS 0x0000000749b00000, 0x0000000749b00000| Untracked 
|  78|0x0000000749c00000, 0x0000000749c00000, 0x0000000749d00000|  0%| F|  |TAMS 0x0000000749c00000, 0x0000000749c00000| Untracked 
|  79|0x0000000749d00000, 0x0000000749d00000, 0x0000000749e00000|  0%| F|  |TAMS 0x0000000749d00000, 0x0000000749d00000| Untracked 
|  80|0x0000000749e00000, 0x0000000749e00000, 0x0000000749f00000|  0%| F|  |TAMS 0x0000000749e00000, 0x0000000749e00000| Untracked 
|  81|0x0000000749f00000, 0x0000000749f00000, 0x000000074a000000|  0%| F|  |TAMS 0x0000000749f00000, 0x0000000749f00000| Untracked 
|  82|0x000000074a000000, 0x000000074a000000, 0x000000074a100000|  0%| F|  |TAMS 0x000000074a000000, 0x000000074a000000| Untracked 
|  83|0x000000074a100000, 0x000000074a100000, 0x000000074a200000|  0%| F|  |TAMS 0x000000074a100000, 0x000000074a100000| Untracked 
|  84|0x000000074a200000, 0x000000074a200000, 0x000000074a300000|  0%| F|  |TAMS 0x000000074a200000, 0x000000074a200000| Untracked 
|  85|0x000000074a300000, 0x000000074a300000, 0x000000074a400000|  0%| F|  |TAMS 0x000000074a300000, 0x000000074a300000| Untracked 
|  86|0x000000074a400000, 0x000000074a400000, 0x000000074a500000|  0%| F|  |TAMS 0x000000074a400000, 0x000000074a400000| Untracked 
|  87|0x000000074a500000, 0x000000074a500000, 0x000000074a600000|  0%| F|  |TAMS 0x000000074a500000, 0x000000074a500000| Untracked 
|  88|0x000000074a600000, 0x000000074a600000, 0x000000074a700000|  0%| F|  |TAMS 0x000000074a600000, 0x000000074a600000| Untracked 
|  89|0x000000074a700000, 0x000000074a700000, 0x000000074a800000|  0%| F|  |TAMS 0x000000074a700000, 0x000000074a700000| Untracked 
|  90|0x000000074a800000, 0x000000074a800000, 0x000000074a900000|  0%| F|  |TAMS 0x000000074a800000, 0x000000074a800000| Untracked 
|  91|0x000000074a900000, 0x000000074a900000, 0x000000074aa00000|  0%| F|  |TAMS 0x000000074a900000, 0x000000074a900000| Untracked 
|  92|0x000000074aa00000, 0x000000074aa00000, 0x000000074ab00000|  0%| F|  |TAMS 0x000000074aa00000, 0x000000074aa00000| Untracked 
|  93|0x000000074ab00000, 0x000000074ab00000, 0x000000074ac00000|  0%| F|  |TAMS 0x000000074ab00000, 0x000000074ab00000| Untracked 
|  94|0x000000074ac00000, 0x000000074ac00000, 0x000000074ad00000|  0%| F|  |TAMS 0x000000074ac00000, 0x000000074ac00000| Untracked 
|  95|0x000000074ad00000, 0x000000074ad00000, 0x000000074ae00000|  0%| F|  |TAMS 0x000000074ad00000, 0x000000074ad00000| Untracked 
|  96|0x000000074ae00000, 0x000000074ae00000, 0x000000074af00000|  0%| F|  |TAMS 0x000000074ae00000, 0x000000074ae00000| Untracked 
|  97|0x000000074af00000, 0x000000074af00000, 0x000000074b000000|  0%| F|  |TAMS 0x000000074af00000, 0x000000074af00000| Untracked 
|  98|0x000000074b000000, 0x000000074b000000, 0x000000074b100000|  0%| F|  |TAMS 0x000000074b000000, 0x000000074b000000| Untracked 
|  99|0x000000074b100000, 0x000000074b100000, 0x000000074b200000|  0%| F|  |TAMS 0x000000074b100000, 0x000000074b100000| Untracked 
| 100|0x000000074b200000, 0x000000074b200000, 0x000000074b300000|  0%| F|  |TAMS 0x000000074b200000, 0x000000074b200000| Untracked 
| 101|0x000000074b300000, 0x000000074b300000, 0x000000074b400000|  0%| F|  |TAMS 0x000000074b300000, 0x000000074b300000| Untracked 
| 102|0x000000074b400000, 0x000000074b400000, 0x000000074b500000|  0%| F|  |TAMS 0x000000074b400000, 0x000000074b400000| Untracked 
| 103|0x000000074b500000, 0x000000074b500000, 0x000000074b600000|  0%| F|  |TAMS 0x000000074b500000, 0x000000074b500000| Untracked 
| 104|0x000000074b600000, 0x000000074b600000, 0x000000074b700000|  0%| F|  |TAMS 0x000000074b600000, 0x000000074b600000| Untracked 
| 105|0x000000074b700000, 0x000000074b700000, 0x000000074b800000|  0%| F|  |TAMS 0x000000074b700000, 0x000000074b700000| Untracked 
| 106|0x000000074b800000, 0x000000074b800000, 0x000000074b900000|  0%| F|  |TAMS 0x000000074b800000, 0x000000074b800000| Untracked 
| 107|0x000000074b900000, 0x000000074b900000, 0x000000074ba00000|  0%| F|  |TAMS 0x000000074b900000, 0x000000074b900000| Untracked 
| 108|0x000000074ba00000, 0x000000074ba00000, 0x000000074bb00000|  0%| F|  |TAMS 0x000000074ba00000, 0x000000074ba00000| Untracked 
| 109|0x000000074bb00000, 0x000000074bb00000, 0x000000074bc00000|  0%| F|  |TAMS 0x000000074bb00000, 0x000000074bb00000| Untracked 
| 110|0x000000074bc00000, 0x000000074bc00000, 0x000000074bd00000|  0%| F|  |TAMS 0x000000074bc00000, 0x000000074bc00000| Untracked 
| 111|0x000000074bd00000, 0x000000074bd00000, 0x000000074be00000|  0%| F|  |TAMS 0x000000074bd00000, 0x000000074bd00000| Untracked 
| 112|0x000000074be00000, 0x000000074be00000, 0x000000074bf00000|  0%| F|  |TAMS 0x000000074be00000, 0x000000074be00000| Untracked 
| 113|0x000000074bf00000, 0x000000074bf00000, 0x000000074c000000|  0%| F|  |TAMS 0x000000074bf00000, 0x000000074bf00000| Untracked 
| 114|0x000000074c000000, 0x000000074c000000, 0x000000074c100000|  0%| F|  |TAMS 0x000000074c000000, 0x000000074c000000| Untracked 
| 115|0x000000074c100000, 0x000000074c100000, 0x000000074c200000|  0%| F|  |TAMS 0x000000074c100000, 0x000000074c100000| Untracked 
| 116|0x000000074c200000, 0x000000074c200000, 0x000000074c300000|  0%| F|  |TAMS 0x000000074c200000, 0x000000074c200000| Untracked 
| 117|0x000000074c300000, 0x000000074c300000, 0x000000074c400000|  0%| F|  |TAMS 0x000000074c300000, 0x000000074c300000| Untracked 
| 118|0x000000074c400000, 0x000000074c400000, 0x000000074c500000|  0%| F|  |TAMS 0x000000074c400000, 0x000000074c400000| Untracked 
| 119|0x000000074c500000, 0x000000074c500000, 0x000000074c600000|  0%| F|  |TAMS 0x000000074c500000, 0x000000074c500000| Untracked 
| 120|0x000000074c600000, 0x000000074c600000, 0x000000074c700000|  0%| F|  |TAMS 0x000000074c600000, 0x000000074c600000| Untracked 
| 121|0x000000074c700000, 0x000000074c700000, 0x000000074c800000|  0%| F|  |TAMS 0x000000074c700000, 0x000000074c700000| Untracked 
| 122|0x000000074c800000, 0x000000074c800000, 0x000000074c900000|  0%| F|  |TAMS 0x000000074c800000, 0x000000074c800000| Untracked 
| 123|0x000000074c900000, 0x000000074c900000, 0x000000074ca00000|  0%| F|  |TAMS 0x000000074c900000, 0x000000074c900000| Untracked 
| 124|0x000000074ca00000, 0x000000074ca00000, 0x000000074cb00000|  0%| F|  |TAMS 0x000000074ca00000, 0x000000074ca00000| Untracked 
| 125|0x000000074cb00000, 0x000000074cb00000, 0x000000074cc00000|  0%| F|  |TAMS 0x000000074cb00000, 0x000000074cb00000| Untracked 
| 126|0x000000074cc00000, 0x000000074cc00000, 0x000000074cd00000|  0%| F|  |TAMS 0x000000074cc00000, 0x000000074cc00000| Untracked 
| 127|0x000000074cd00000, 0x000000074cd00000, 0x000000074ce00000|  0%| F|  |TAMS 0x000000074cd00000, 0x000000074cd00000| Untracked 
| 128|0x000000074ce00000, 0x000000074ce00000, 0x000000074cf00000|  0%| F|  |TAMS 0x000000074ce00000, 0x000000074ce00000| Untracked 
| 129|0x000000074cf00000, 0x000000074cf00000, 0x000000074d000000|  0%| F|  |TAMS 0x000000074cf00000, 0x000000074cf00000| Untracked 
| 130|0x000000074d000000, 0x000000074d000000, 0x000000074d100000|  0%| F|  |TAMS 0x000000074d000000, 0x000000074d000000| Untracked 
| 131|0x000000074d100000, 0x000000074d100000, 0x000000074d200000|  0%| F|  |TAMS 0x000000074d100000, 0x000000074d100000| Untracked 
| 132|0x000000074d200000, 0x000000074d200000, 0x000000074d300000|  0%| F|  |TAMS 0x000000074d200000, 0x000000074d200000| Untracked 
| 133|0x000000074d300000, 0x000000074d300000, 0x000000074d400000|  0%| F|  |TAMS 0x000000074d300000, 0x000000074d300000| Untracked 
| 134|0x000000074d400000, 0x000000074d400000, 0x000000074d500000|  0%| F|  |TAMS 0x000000074d400000, 0x000000074d400000| Untracked 
| 135|0x000000074d500000, 0x000000074d500000, 0x000000074d600000|  0%| F|  |TAMS 0x000000074d500000, 0x000000074d500000| Untracked 
| 136|0x000000074d600000, 0x000000074d600000, 0x000000074d700000|  0%| F|  |TAMS 0x000000074d600000, 0x000000074d600000| Untracked 
| 137|0x000000074d700000, 0x000000074d700000, 0x000000074d800000|  0%| F|  |TAMS 0x000000074d700000, 0x000000074d700000| Untracked 
| 138|0x000000074d800000, 0x000000074d800000, 0x000000074d900000|  0%| F|  |TAMS 0x000000074d800000, 0x000000074d800000| Untracked 
| 139|0x000000074d900000, 0x000000074d900000, 0x000000074da00000|  0%| F|  |TAMS 0x000000074d900000, 0x000000074d900000| Untracked 
| 140|0x000000074da00000, 0x000000074da00000, 0x000000074db00000|  0%| F|  |TAMS 0x000000074da00000, 0x000000074da00000| Untracked 
| 141|0x000000074db00000, 0x000000074db00000, 0x000000074dc00000|  0%| F|  |TAMS 0x000000074db00000, 0x000000074db00000| Untracked 
| 142|0x000000074dc00000, 0x000000074dc00000, 0x000000074dd00000|  0%| F|  |TAMS 0x000000074dc00000, 0x000000074dc00000| Untracked 
| 143|0x000000074dd00000, 0x000000074dd00000, 0x000000074de00000|  0%| F|  |TAMS 0x000000074dd00000, 0x000000074dd00000| Untracked 
| 144|0x000000074de00000, 0x000000074de00000, 0x000000074df00000|  0%| F|  |TAMS 0x000000074de00000, 0x000000074de00000| Untracked 
| 145|0x000000074df00000, 0x000000074df00000, 0x000000074e000000|  0%| F|  |TAMS 0x000000074df00000, 0x000000074df00000| Untracked 
| 146|0x000000074e000000, 0x000000074e000000, 0x000000074e100000|  0%| F|  |TAMS 0x000000074e000000, 0x000000074e000000| Untracked 
| 147|0x000000074e100000, 0x000000074e100000, 0x000000074e200000|  0%| F|  |TAMS 0x000000074e100000, 0x000000074e100000| Untracked 
| 148|0x000000074e200000, 0x000000074e200000, 0x000000074e300000|  0%| F|  |TAMS 0x000000074e200000, 0x000000074e200000| Untracked 
| 149|0x000000074e300000, 0x000000074e300000, 0x000000074e400000|  0%| F|  |TAMS 0x000000074e300000, 0x000000074e300000| Untracked 
| 150|0x000000074e400000, 0x000000074e400000, 0x000000074e500000|  0%| F|  |TAMS 0x000000074e400000, 0x000000074e400000| Untracked 
| 151|0x000000074e500000, 0x000000074e500000, 0x000000074e600000|  0%| F|  |TAMS 0x000000074e500000, 0x000000074e500000| Untracked 
| 152|0x000000074e600000, 0x000000074e600000, 0x000000074e700000|  0%| F|  |TAMS 0x000000074e600000, 0x000000074e600000| Untracked 
| 153|0x000000074e700000, 0x000000074e700000, 0x000000074e800000|  0%| F|  |TAMS 0x000000074e700000, 0x000000074e700000| Untracked 
| 154|0x000000074e800000, 0x000000074e800000, 0x000000074e900000|  0%| F|  |TAMS 0x000000074e800000, 0x000000074e800000| Untracked 
| 155|0x000000074e900000, 0x000000074e900000, 0x000000074ea00000|  0%| F|  |TAMS 0x000000074e900000, 0x000000074e900000| Untracked 
| 156|0x000000074ea00000, 0x000000074ea00000, 0x000000074eb00000|  0%| F|  |TAMS 0x000000074ea00000, 0x000000074ea00000| Untracked 
| 157|0x000000074eb00000, 0x000000074eb00000, 0x000000074ec00000|  0%| F|  |TAMS 0x000000074eb00000, 0x000000074eb00000| Untracked 
| 158|0x000000074ec00000, 0x000000074ec00000, 0x000000074ed00000|  0%| F|  |TAMS 0x000000074ec00000, 0x000000074ec00000| Untracked 
| 159|0x000000074ed00000, 0x000000074ed00000, 0x000000074ee00000|  0%| F|  |TAMS 0x000000074ed00000, 0x000000074ed00000| Untracked 
| 160|0x000000074ee00000, 0x000000074ee00000, 0x000000074ef00000|  0%| F|  |TAMS 0x000000074ee00000, 0x000000074ee00000| Untracked 
| 161|0x000000074ef00000, 0x000000074ef00000, 0x000000074f000000|  0%| F|  |TAMS 0x000000074ef00000, 0x000000074ef00000| Untracked 
| 162|0x000000074f000000, 0x000000074f000000, 0x000000074f100000|  0%| F|  |TAMS 0x000000074f000000, 0x000000074f000000| Untracked 
| 163|0x000000074f100000, 0x000000074f100000, 0x000000074f200000|  0%| F|  |TAMS 0x000000074f100000, 0x000000074f100000| Untracked 
| 164|0x000000074f200000, 0x000000074f200000, 0x000000074f300000|  0%| F|  |TAMS 0x000000074f200000, 0x000000074f200000| Untracked 
| 165|0x000000074f300000, 0x000000074f300000, 0x000000074f400000|  0%| F|  |TAMS 0x000000074f300000, 0x000000074f300000| Untracked 
| 166|0x000000074f400000, 0x000000074f400000, 0x000000074f500000|  0%| F|  |TAMS 0x000000074f400000, 0x000000074f400000| Untracked 
| 167|0x000000074f500000, 0x000000074f500000, 0x000000074f600000|  0%| F|  |TAMS 0x000000074f500000, 0x000000074f500000| Untracked 
| 168|0x000000074f600000, 0x000000074f600000, 0x000000074f700000|  0%| F|  |TAMS 0x000000074f600000, 0x000000074f600000| Untracked 
| 169|0x000000074f700000, 0x000000074f700000, 0x000000074f800000|  0%| F|  |TAMS 0x000000074f700000, 0x000000074f700000| Untracked 
| 170|0x000000074f800000, 0x000000074f800000, 0x000000074f900000|  0%| F|  |TAMS 0x000000074f800000, 0x000000074f800000| Untracked 
| 171|0x000000074f900000, 0x000000074f900000, 0x000000074fa00000|  0%| F|  |TAMS 0x000000074f900000, 0x000000074f900000| Untracked 
| 172|0x000000074fa00000, 0x000000074fa00000, 0x000000074fb00000|  0%| F|  |TAMS 0x000000074fa00000, 0x000000074fa00000| Untracked 
| 173|0x000000074fb00000, 0x000000074fb842b8, 0x000000074fc00000| 51%| S|CS|TAMS 0x000000074fb00000, 0x000000074fb00000| Complete 
| 174|0x000000074fc00000, 0x000000074fd00000, 0x000000074fd00000|100%| S|CS|TAMS 0x000000074fc00000, 0x000000074fc00000| Complete 
| 175|0x000000074fd00000, 0x000000074fd00000, 0x000000074fe00000|  0%| F|  |TAMS 0x000000074fd00000, 0x000000074fd00000| Untracked 
| 176|0x000000074fe00000, 0x000000074fe00000, 0x000000074ff00000|  0%| F|  |TAMS 0x000000074fe00000, 0x000000074fe00000| Untracked 
| 177|0x000000074ff00000, 0x000000074ff00000, 0x0000000750000000|  0%| F|  |TAMS 0x000000074ff00000, 0x000000074ff00000| Untracked 
| 178|0x0000000750000000, 0x0000000750000000, 0x0000000750100000|  0%| F|  |TAMS 0x0000000750000000, 0x0000000750000000| Untracked 
| 179|0x0000000750100000, 0x0000000750100000, 0x0000000750200000|  0%| F|  |TAMS 0x0000000750100000, 0x0000000750100000| Untracked 
| 180|0x0000000750200000, 0x00000007502567d8, 0x0000000750300000| 33%| E|  |TAMS 0x0000000750200000, 0x0000000750200000| Complete 
| 181|0x0000000750300000, 0x0000000750400000, 0x0000000750400000|100%| E|CS|TAMS 0x0000000750300000, 0x0000000750300000| Complete 
| 182|0x0000000750400000, 0x0000000750500000, 0x0000000750500000|100%| E|CS|TAMS 0x0000000750400000, 0x0000000750400000| Complete 
| 183|0x0000000750500000, 0x0000000750600000, 0x0000000750600000|100%| E|CS|TAMS 0x0000000750500000, 0x0000000750500000| Complete 
| 184|0x0000000750600000, 0x0000000750700000, 0x0000000750700000|100%| E|CS|TAMS 0x0000000750600000, 0x0000000750600000| Complete 
| 185|0x0000000750700000, 0x0000000750800000, 0x0000000750800000|100%| E|CS|TAMS 0x0000000750700000, 0x0000000750700000| Complete 
| 186|0x0000000750800000, 0x0000000750900000, 0x0000000750900000|100%| E|  |TAMS 0x0000000750800000, 0x0000000750800000| Complete 
| 187|0x0000000750900000, 0x0000000750a00000, 0x0000000750a00000|100%| E|CS|TAMS 0x0000000750900000, 0x0000000750900000| Complete 

Card table byte_map: [0x0000021fcfbe0000,0x0000021fd01c0000] _byte_map_base: 0x0000021fcc1b9000

Marking Bits (Prev, Next): (CMBitMap*) 0x0000021fb7bd6508, (CMBitMap*) 0x0000021fb7bd6548
 Prev Bits: [0x0000021fd07a0000, 0x0000021fd3668000)
 Next Bits: [0x0000021fd3670000, 0x0000021fd6538000)

Polling page: 0x0000021fb5d10000

Metaspace:

Usage:
  Non-class:      8.82 MB capacity,     6.22 MB ( 71%) used,     2.59 MB ( 29%) free+waste,     9.56 KB ( <1%) overhead. 
      Class:    633.00 KB capacity,   321.72 KB ( 51%) used,   307.59 KB ( 49%) free+waste,     3.69 KB ( <1%) overhead. 
       Both:      9.44 MB capacity,     6.54 MB ( 69%) used,     2.89 MB ( 31%) free+waste,    13.25 KB ( <1%) overhead. 

Virtual space:
  Non-class space:       10.00 MB reserved,       9.00 MB ( 90%) committed 
      Class space:        1.00 GB reserved,     640.00 KB ( <1%) committed 
             Both:        1.01 GB reserved,       9.63 MB ( <1%) committed 

Chunk freelists:
   Non-Class:  55.00 KB
       Class:  7.00 KB
        Both:  62.00 KB

MaxMetaspaceSize: 17179869184.00 GB
CompressedClassSpaceSize: 1.00 GB

CodeHeap 'non-profiled nmethods': size=120000Kb used=237Kb max_used=237Kb free=119762Kb
 bounds [0x0000021fc80d0000, 0x0000021fc8340000, 0x0000021fcf600000]
CodeHeap 'profiled nmethods': size=120000Kb used=1258Kb max_used=1258Kb free=118741Kb
 bounds [0x0000021fc0ba0000, 0x0000021fc0e10000, 0x0000021fc80d0000]
CodeHeap 'non-nmethods': size=5760Kb used=1634Kb max_used=1648Kb free=4125Kb
 bounds [0x0000021fc0600000, 0x0000021fc0870000, 0x0000021fc0ba0000]
 total_blobs=1800 nmethods=770 adapters=943
 compilation: enabled
              stopped_count=0, restarted_count=0
 full_count=0

Compilation events (20 events):
Event: 2.330 Thread 0x0000021fd9392000  759       3       educanet.Game::update (457 bytes)
Event: 2.336 Thread 0x0000021fd9392000 nmethod 759 0x0000021fc0cd5090 code [0x0000021fc0cd5600, 0x0000021fc0cd76e8]
Event: 2.336 Thread 0x0000021fd9392000  760       3       org.lwjgl.glfw.GLFW::glfwSwapBuffers (21 bytes)
Event: 2.337 Thread 0x0000021fd9392000 nmethod 760 0x0000021fc0cd8210 code [0x0000021fc0cd83e0, 0x0000021fc0cd8678]
Event: 2.581 Thread 0x0000021fd9392000  763       3       java.nio.ByteBuffer::arrayOffset (35 bytes)
Event: 2.581 Thread 0x0000021fd9392000 nmethod 763 0x0000021fc0cd8810 code [0x0000021fc0cd89e0, 0x0000021fc0cd8cd8]
Event: 3.223 Thread 0x0000021fd9392000  764       3       java.nio.CharBuffer::arrayOffset (35 bytes)
Event: 3.223 Thread 0x0000021fd9392000 nmethod 764 0x0000021fc0cd8e10 code [0x0000021fc0cd8fe0, 0x0000021fc0cd92d8]
Event: 4.276 Thread 0x0000021fd9392000  765       3       java.nio.charset.CoderResult::isUnderflow (13 bytes)
Event: 4.276 Thread 0x0000021fd9392000 nmethod 765 0x0000021fc0cd9410 code [0x0000021fc0cd95a0, 0x0000021fc0cd9718]
Event: 5.568 Thread 0x0000021fd9390800  766       4       org.joml.MemUtil$MemUtilUnsafe::put (43 bytes)
Event: 5.573 Thread 0x0000021fd9390800 nmethod 766 0x0000021fc810b490 code [0x0000021fc810b620, 0x0000021fc810b6d8]
Event: 5.636 Thread 0x0000021fd9392000  767       3       java.io.BufferedWriter::ensureOpen (18 bytes)
Event: 5.637 Thread 0x0000021fd9392000 nmethod 767 0x0000021fc0cd9790 code [0x0000021fc0cd9940, 0x0000021fc0cd9b68]
Event: 5.685 Thread 0x0000021fd9392000  768       3       java.nio.CharBuffer::position (6 bytes)
Event: 5.686 Thread 0x0000021fd9392000 nmethod 768 0x0000021fc0cd9c10 code [0x0000021fc0cd9dc0, 0x0000021fc0cd9f88]
Event: 5.686 Thread 0x0000021fd9392000  769       3       java.nio.CharBuffer::position (8 bytes)
Event: 5.686 Thread 0x0000021fd9392000 nmethod 769 0x0000021fc0cda090 code [0x0000021fc0cda240, 0x0000021fc0cda3a8]
Event: 5.790 Thread 0x0000021fd9392000  770       3       java.nio.ByteBuffer::array (35 bytes)
Event: 5.790 Thread 0x0000021fd9392000 nmethod 770 0x0000021fc0cda490 code [0x0000021fc0cda660, 0x0000021fc0cda958]

GC Heap History (2 events):
Event: 1.189 GC heap before
{Heap before GC invocations=0 (full 0):
 garbage-first heap   total 192512K, used 12288K [0x0000000744e00000, 0x0000000800000000)
  region size 1024K, 13 young (13312K), 0 survivors (0K)
 Metaspace       used 4227K, capacity 7355K, committed 7552K, reserved 1056768K
  class space    used 219K, capacity 522K, committed 640K, reserved 1048576K
}
Event: 1.204 GC heap after
{Heap after GC invocations=1 (full 0):
 garbage-first heap   total 192512K, used 1552K [0x0000000744e00000, 0x0000000800000000)
  region size 1024K, 2 young (2048K), 2 survivors (2048K)
 Metaspace       used 4227K, capacity 7355K, committed 7552K, reserved 1056768K
  class space    used 219K, capacity 522K, committed 640K, reserved 1048576K
}

Deoptimization events (18 events):
Event: 0.258 Thread 0x0000021fb7b82000 Uncommon trap: trap_request=0xffffff45 fr.pc=0x0000021fc80d488c relative=0x000000000000022c
Event: 0.258 Thread 0x0000021fb7b82000 Uncommon trap: reason=unstable_if action=reinterpret pc=0x0000021fc80d488c method=java.lang.String.hashCode()I @ 42 c2
Event: 0.258 Thread 0x0000021fb7b82000 DEOPT PACKING pc=0x0000021fc80d488c sp=0x00000061e66fd3a0
Event: 0.258 Thread 0x0000021fb7b82000 DEOPT UNPACKING pc=0x0000021fc064912f sp=0x00000061e66fd338 mode 2
Event: 0.384 Thread 0x0000021fb7b82000 DEOPT PACKING pc=0x0000021fc0bd9b74 sp=0x00000061e66fd070
Event: 0.385 Thread 0x0000021fb7b82000 DEOPT UNPACKING pc=0x0000021fc064964e sp=0x00000061e66fc4c8 mode 0
Event: 0.405 Thread 0x0000021fb7b82000 DEOPT PACKING pc=0x0000021fc0bdbbb2 sp=0x00000061e66fc580
Event: 0.405 Thread 0x0000021fb7b82000 DEOPT UNPACKING pc=0x0000021fc064964e sp=0x00000061e66fb9e8 mode 0
Event: 0.476 Thread 0x0000021fb7b82000 Uncommon trap: trap_request=0xffffff45 fr.pc=0x0000021fc80e7910 relative=0x0000000000000070
Event: 0.476 Thread 0x0000021fb7b82000 Uncommon trap: reason=unstable_if action=reinterpret pc=0x0000021fc80e7910 method=java.io.WinNTFileSystem.isSlash(C)Z @ 9 c2
Event: 0.476 Thread 0x0000021fb7b82000 DEOPT PACKING pc=0x0000021fc80e7910 sp=0x00000061e66fc4b0
Event: 0.476 Thread 0x0000021fb7b82000 DEOPT UNPACKING pc=0x0000021fc064912f sp=0x00000061e66fc438 mode 2
Event: 0.939 Thread 0x0000021fb7b82000 Uncommon trap: trap_request=0xffffff54 fr.pc=0x0000021fc80f4090 relative=0x0000000000000070
Event: 0.939 Thread 0x0000021fb7b82000 Uncommon trap: reason=speculate_null_assert action=make_not_entrant pc=0x0000021fc80f4090 method=sun.misc.Unsafe.putLong(Ljava/lang/Object;JJ)V @ 7 c2
Event: 0.939 Thread 0x0000021fb7b82000 DEOPT PACKING pc=0x0000021fc80f4090 sp=0x00000061e66fef80
Event: 0.939 Thread 0x0000021fb7b82000 DEOPT UNPACKING pc=0x0000021fc064912f sp=0x00000061e66feef8 mode 2
Event: 1.065 Thread 0x0000021fb7b82000 DEOPT PACKING pc=0x0000021fc0be3edf sp=0x00000061e66fdaa0
Event: 1.065 Thread 0x0000021fb7b82000 DEOPT UNPACKING pc=0x0000021fc064964e sp=0x00000061e66fcef0 mode 0

Classes unloaded (0 events):
No events

Classes redefined (0 events):
No events

Internal exceptions (13 events):
Event: 0.418 Thread 0x0000021fb7b82000 Exception <a 'java/lang/NoSuchMethodError'{0x00000007507ecde0}: 'void java.lang.invoke.DelegatingMethodHandle$Holder.delegate(java.lang.Object, java.lang.Object, int, java.lang.Object)'> (0x00000007507ecde0) 
thrown [./src/hotspot/share/interpreter/linkResolver.cpp, line 766]
Event: 0.421 Thread 0x0000021fb7b82000 Exception <a 'java/lang/NoSuchMethodError'{0x00000007507f3838}: 'java.lang.Object java.lang.invoke.DirectMethodHandle$Holder.invokeStaticInit(java.lang.Object, java.lang.Object, java.lang.Object)'> (0x00000007507f3838) 
thrown [./src/hotspot/share/interpreter/linkResolver.cpp, line 766]
Event: 0.532 Thread 0x0000021fb7b82000 Exception <a 'sun/nio/fs/WindowsException'{0x00000007506c8790}> (0x00000007506c8790) 
thrown [./src/hotspot/share/prims/jni.cpp, line 599]
Event: 0.532 Thread 0x0000021fb7b82000 Exception <a 'sun/nio/fs/WindowsException'{0x00000007506c8ce8}> (0x00000007506c8ce8) 
thrown [./src/hotspot/share/prims/jni.cpp, line 599]
Event: 0.559 Thread 0x0000021fb7b82000 Exception <a 'sun/nio/fs/WindowsException'{0x00000007506f3690}> (0x00000007506f3690) 
thrown [./src/hotspot/share/prims/jni.cpp, line 599]
Event: 0.559 Thread 0x0000021fb7b82000 Exception <a 'sun/nio/fs/WindowsException'{0x00000007506f3a00}> (0x00000007506f3a00) 
thrown [./src/hotspot/share/prims/jni.cpp, line 599]
Event: 0.836 Thread 0x0000021fb7b82000 Exception <a 'sun/nio/fs/WindowsException'{0x00000007504660a0}> (0x00000007504660a0) 
thrown [./src/hotspot/share/prims/jni.cpp, line 599]
Event: 0.836 Thread 0x0000021fb7b82000 Exception <a 'sun/nio/fs/WindowsException'{0x0000000750466450}> (0x0000000750466450) 
thrown [./src/hotspot/share/prims/jni.cpp, line 599]
Event: 0.844 Thread 0x0000021fb7b82000 Exception <a 'sun/nio/fs/WindowsException'{0x00000007504856a8}> (0x00000007504856a8) 
thrown [./src/hotspot/share/prims/jni.cpp, line 599]
Event: 0.845 Thread 0x0000021fb7b82000 Exception <a 'sun/nio/fs/WindowsException'{0x0000000750485990}> (0x0000000750485990) 
thrown [./src/hotspot/share/prims/jni.cpp, line 599]
Event: 1.246 Thread 0x0000021fb7b82000 Exception <a 'java/lang/NoSuchMethodError'{0x00000007509f7f10}: 'void java.lang.invoke.DirectMethodHandle$Holder.invokeStatic(java.lang.Object, long, int, int)'> (0x00000007509f7f10) 
thrown [./src/hotspot/share/interpreter/linkResolver.cpp, line 766]
Event: 1.343 Thread 0x0000021fb7b82000 Exception <a 'sun/nio/fs/WindowsException'{0x00000007506144b8}> (0x00000007506144b8) 
thrown [./src/hotspot/share/prims/jni.cpp, line 599]
Event: 1.343 Thread 0x0000021fb7b82000 Exception <a 'sun/nio/fs/WindowsException'{0x0000000750614840}> (0x0000000750614840) 
thrown [./src/hotspot/share/prims/jni.cpp, line 599]

Events (20 events):
Event: 1.364 loading class sun/net/www/protocol/jrt/Handler
Event: 1.365 loading class sun/net/www/protocol/jrt/Handler done
Event: 1.370 loading class sun/text/resources/cldr/FormatData_en_US
Event: 1.370 loading class sun/text/resources/cldr/FormatData_en_US done
Event: 1.403 loading class java/lang/SecurityException
Event: 1.403 loading class java/lang/SecurityException done
Event: 1.407 loading class jdk/internal/access/foreign/MemorySegmentProxy
Event: 1.407 loading class jdk/internal/access/foreign/MemorySegmentProxy done
Event: 1.565 loading class java/lang/NumberFormatException
Event: 1.566 loading class java/lang/NumberFormatException done
Event: 2.007 Loaded shared library C:\Users\bezou\AppData\Local\Temp\lwjglbezou\3.2.3-build-13\lwjgl_opengl.dll
Event: 2.024 Loaded shared library C:\Users\bezou\AppData\Local\Temp\lwjglbezou\3.2.3-build-13\lwjgl_opengl.dll
Event: 2.032 Loaded shared library C:\Users\bezou\AppData\Local\Temp\lwjglbezou\3.2.3-build-13\lwjgl.dll
Event: 2.037 Loaded shared library C:\Users\bezou\AppData\Local\Temp\lwjglbezou\3.2.3-build-13\lwjgl.dll
Event: 2.052 Loaded shared library C:\Users\bezou\AppData\Local\Temp\lwjglbezou\3.2.3-build-13\lwjgl_opengl.dll
Event: 2.069 Loaded shared library C:\Users\bezou\AppData\Local\Temp\lwjglbezou\3.2.3-build-13\lwjgl_opengl.dll
Event: 2.074 Loaded shared library C:\Users\bezou\AppData\Local\Temp\lwjglbezou\3.2.3-build-13\lwjgl.dll
Event: 2.329 Loaded shared library C:\Users\bezou\AppData\Local\Temp\lwjglbezou\3.2.3-build-13\lwjgl_opengl.dll
Event: 2.547 Loaded shared library C:\Users\bezou\AppData\Local\Temp\lwjglbezou\3.2.3-build-13\lwjgl_opengl.dll
Event: 2.555 Loaded shared library C:\Users\bezou\AppData\Local\Temp\lwjglbezou\3.2.3-build-13\lwjgl.dll


Dynamic libraries:
0x00007ff6655e0000 - 0x00007ff6655ed000 	C:\Users\bezou\.jdks\adopt-openjdk-14.0.2\bin\java.exe
0x00007ffa434b0000 - 0x00007ffa436a5000 	C:\WINDOWS\SYSTEM32\ntdll.dll
0x00007ffa1b5f0000 - 0x00007ffa1b603000 	C:\Program Files\AVAST Software\Avast\aswhook.dll
0x00007ffa41e30000 - 0x00007ffa41eed000 	C:\WINDOWS\System32\KERNEL32.DLL
0x00007ffa40bf0000 - 0x00007ffa40eb8000 	C:\WINDOWS\System32\KERNELBASE.dll
0x00007ffa40ec0000 - 0x00007ffa40fc0000 	C:\WINDOWS\System32\ucrtbase.dll
0x00007ffa3ad10000 - 0x00007ffa3ad28000 	C:\Users\bezou\.jdks\adopt-openjdk-14.0.2\bin\jli.dll
0x00007ffa41810000 - 0x00007ffa419b0000 	C:\WINDOWS\System32\USER32.dll
0x00007ffa41220000 - 0x00007ffa41242000 	C:\WINDOWS\System32\win32u.dll
0x00007ffa42710000 - 0x00007ffa4273a000 	C:\WINDOWS\System32\GDI32.dll
0x00007ffa41070000 - 0x00007ffa4117b000 	C:\WINDOWS\System32\gdi32full.dll
0x00007ffa41180000 - 0x00007ffa4121d000 	C:\WINDOWS\System32\msvcp_win.dll
0x00007ffa37af0000 - 0x00007ffa37b05000 	C:\Users\bezou\.jdks\adopt-openjdk-14.0.2\bin\VCRUNTIME140.dll
0x00007ffa2f500000 - 0x00007ffa2f79a000 	C:\WINDOWS\WinSxS\amd64_microsoft.windows.common-controls_6595b64144ccf1df_6.0.19041.844_none_ca00b6081b84eb1d\COMCTL32.dll
0x00007ffa43090000 - 0x00007ffa4312e000 	C:\WINDOWS\System32\msvcrt.dll
0x00007ffa41770000 - 0x00007ffa417a0000 	C:\WINDOWS\System32\IMM32.DLL
0x00007ffa37780000 - 0x00007ffa3781b000 	C:\Users\bezou\.jdks\adopt-openjdk-14.0.2\bin\msvcp140.dll
0x00007ff9dfff0000 - 0x00007ff9e0b84000 	C:\Users\bezou\.jdks\adopt-openjdk-14.0.2\bin\server\jvm.dll
0x00007ffa42020000 - 0x00007ffa420cc000 	C:\WINDOWS\System32\ADVAPI32.dll
0x00007ffa43220000 - 0x00007ffa432bb000 	C:\WINDOWS\System32\sechost.dll
0x00007ffa41ef0000 - 0x00007ffa4201b000 	C:\WINDOWS\System32\RPCRT4.dll
0x00007ffa43130000 - 0x00007ffa43138000 	C:\WINDOWS\System32\PSAPI.DLL
0x00007ffa282a0000 - 0x00007ffa282a9000 	C:\WINDOWS\SYSTEM32\WSOCK32.dll
0x00007ffa417a0000 - 0x00007ffa4180b000 	C:\WINDOWS\System32\WS2_32.dll
0x00007ffa2b0c0000 - 0x00007ffa2b0e7000 	C:\WINDOWS\SYSTEM32\WINMM.dll
0x00007ffa38e80000 - 0x00007ffa38e8a000 	C:\WINDOWS\SYSTEM32\VERSION.dll
0x00007ffa3f4c0000 - 0x00007ffa3f4d2000 	C:\WINDOWS\SYSTEM32\kernel.appcore.dll
0x00007ffa3c3b0000 - 0x00007ffa3c3ba000 	C:\Users\bezou\.jdks\adopt-openjdk-14.0.2\bin\jimage.dll
0x00007ffa3e1b0000 - 0x00007ffa3e394000 	C:\WINDOWS\SYSTEM32\DBGHELP.DLL
0x00007ffa36d60000 - 0x00007ffa36d8c000 	C:\WINDOWS\SYSTEM32\dbgcore.DLL
0x00007ffa41330000 - 0x00007ffa413b3000 	C:\WINDOWS\System32\bcryptPrimitives.dll
0x00007ffa37750000 - 0x00007ffa37775000 	C:\Users\bezou\.jdks\adopt-openjdk-14.0.2\bin\java.dll
0x00007ffa37ad0000 - 0x00007ffa37ae6000 	C:\Users\bezou\.jdks\adopt-openjdk-14.0.2\bin\zip.dll
0x00007ffa42950000 - 0x00007ffa4308f000 	C:\WINDOWS\System32\SHELL32.dll
0x00007ffa3eb30000 - 0x00007ffa3f2c0000 	C:\WINDOWS\SYSTEM32\windows.storage.dll
0x00007ffa41a70000 - 0x00007ffa41dc5000 	C:\WINDOWS\System32\combase.dll
0x00007ffa40660000 - 0x00007ffa4068c000 	C:\WINDOWS\SYSTEM32\Wldp.dll
0x00007ffa42740000 - 0x00007ffa427ee000 	C:\WINDOWS\System32\SHCORE.dll
0x00007ffa419b0000 - 0x00007ffa41a05000 	C:\WINDOWS\System32\shlwapi.dll
0x00007ffa40b30000 - 0x00007ffa40b4f000 	C:\WINDOWS\SYSTEM32\profapi.dll
0x00007ffa34480000 - 0x00007ffa34499000 	C:\Users\bezou\.jdks\adopt-openjdk-14.0.2\bin\net.dll
0x00007ffa3f370000 - 0x00007ffa3f47b000 	C:\WINDOWS\SYSTEM32\WINHTTP.dll
0x00007ffa403d0000 - 0x00007ffa4043a000 	C:\WINDOWS\system32\mswsock.dll
0x00007ffa2f030000 - 0x00007ffa2f042000 	C:\Users\bezou\.jdks\adopt-openjdk-14.0.2\bin\nio.dll
0x00007ffa37a20000 - 0x00007ffa37a84000 	C:\Users\bezou\AppData\Local\Temp\lwjglbezou\3.2.3-build-13\lwjgl.dll
0x00007ffa379b0000 - 0x00007ffa37a12000 	C:\Users\bezou\AppData\Local\Temp\lwjglbezou\3.2.3-build-13\glfw.dll
0x00007ffa3de40000 - 0x00007ffa3dede000 	C:\WINDOWS\system32\uxtheme.dll
0x00007ffa37960000 - 0x00007ffa379a5000 	C:\WINDOWS\SYSTEM32\dinput8.dll
0x00007ffa3c330000 - 0x00007ffa3c341000 	C:\WINDOWS\SYSTEM32\xinput1_4.dll
0x00007ffa40fc0000 - 0x00007ffa4100e000 	C:\WINDOWS\System32\cfgmgr32.dll
0x00007ffa409a0000 - 0x00007ffa409cc000 	C:\WINDOWS\SYSTEM32\DEVOBJ.dll
0x00007ffa3e3a0000 - 0x00007ffa3e3cf000 	C:\WINDOWS\SYSTEM32\dwmapi.dll
0x00007ffa34f70000 - 0x00007ffa350c2000 	C:\WINDOWS\SYSTEM32\inputhost.dll
0x00007ffa420d0000 - 0x00007ffa4219d000 	C:\WINDOWS\System32\OLEAUT32.dll
0x00007ffa3db10000 - 0x00007ffa3dc02000 	C:\WINDOWS\SYSTEM32\CoreMessaging.dll
0x00007ffa3e910000 - 0x00007ffa3ea06000 	C:\WINDOWS\SYSTEM32\PROPSYS.dll
0x00007ffa3c450000 - 0x00007ffa3c5a4000 	C:\WINDOWS\SYSTEM32\wintypes.dll
0x00007ffa3d430000 - 0x00007ffa3d78e000 	C:\WINDOWS\SYSTEM32\CoreUIComponents.dll
0x00007ffa3f930000 - 0x00007ffa3f963000 	C:\WINDOWS\SYSTEM32\ntmarta.dll
0x00007ffa41520000 - 0x00007ffa41635000 	C:\WINDOWS\System32\MSCTF.dll
0x00007ffa3f2c0000 - 0x00007ffa3f2cd000 	C:\WINDOWS\SYSTEM32\HID.DLL
0x00007ffa42290000 - 0x00007ffa426f9000 	C:\WINDOWS\System32\SETUPAPI.DLL
0x00007ffa41300000 - 0x00007ffa41327000 	C:\WINDOWS\System32\bcrypt.dll
0x00007ffa41010000 - 0x00007ffa41070000 	C:\WINDOWS\System32\WINTRUST.dll
0x00007ffa413c0000 - 0x00007ffa4151f000 	C:\WINDOWS\System32\CRYPT32.dll
0x00007ffa407e0000 - 0x00007ffa407f2000 	C:\WINDOWS\SYSTEM32\MSASN1.dll
0x00007ffa07cd0000 - 0x00007ffa07df6000 	C:\WINDOWS\SYSTEM32\opengl32.dll
0x00007ffa355f0000 - 0x00007ffa3561c000 	C:\WINDOWS\SYSTEM32\GLU32.dll
0x00007ffa42880000 - 0x00007ffa42929000 	C:\WINDOWS\System32\clbcatq.dll
0x00007ff9d5250000 - 0x00007ff9d5d97000 	C:\WINDOWS\SYSTEM32\ig75icd64.dll
0x00007ffa31700000 - 0x00007ffa3213f000 	C:\WINDOWS\SYSTEM32\igdusc64.dll
0x00007ffa3b3d0000 - 0x00007ffa3b3e4000 	C:\WINDOWS\SYSTEM32\WTSAPI32.dll
0x00007ffa351d0000 - 0x00007ffa3520b000 	C:\WINDOWS\SYSTEM32\dxcore.dll
0x00007ffa40190000 - 0x00007ffa401db000 	C:\WINDOWS\SYSTEM32\powrprof.dll
0x00007ffa40050000 - 0x00007ffa40062000 	C:\WINDOWS\SYSTEM32\UMPDC.dll
0x00007ffa3f530000 - 0x00007ffa3f624000 	C:\WINDOWS\SYSTEM32\dxgi.dll
0x00007ffa3ca10000 - 0x00007ffa3cc74000 	C:\WINDOWS\SYSTEM32\d3d11.dll
0x00007ffa32420000 - 0x00007ffa3337d000 	C:\WINDOWS\SYSTEM32\igd10iumd64.dll
0x00007ffa406d0000 - 0x00007ffa406f7000 	C:\WINDOWS\SYSTEM32\ncrypt.dll
0x00007ffa40690000 - 0x00007ffa406cb000 	C:\WINDOWS\SYSTEM32\NTASN1.dll
0x00007ffa350d0000 - 0x00007ffa351c9000 	C:\WINDOWS\SYSTEM32\textinputframework.dll
0x00007ffa378a0000 - 0x00007ffa378f9000 	C:\Users\bezou\AppData\Local\Temp\lwjglbezou\3.2.3-build-13\lwjgl_opengl.dll
0x00007ffa3c320000 - 0x00007ffa3c330000 	C:\Users\bezou\.jdks\adopt-openjdk-14.0.2\bin\verify.dll
0x00007ffa37820000 - 0x00007ffa37897000 	C:\Users\bezou\AppData\Local\Temp\lwjglbezou\3.2.3-build-13\lwjgl_stb.dll

dbghelp: loaded successfully - version: 4.0.5 - missing functions: none
symbol engine: initialized successfully - sym options: 0x614 - pdb path: .;C:\Users\bezou\.jdks\adopt-openjdk-14.0.2\bin;C:\WINDOWS\SYSTEM32;C:\Program Files\AVAST Software\Avast;C:\WINDOWS\WinSxS\amd64_microsoft.windows.common-controls_6595b64144ccf1df_6.0.19041.844_none_ca00b6081b84eb1d;C:\Users\bezou\.jdks\adopt-openjdk-14.0.2\bin\server;C:\Users\bezou\AppData\Local\Temp\lwjglbezou\3.2.3-build-13

VM Arguments:
jvm_args: -Dfile.encoding=windows-1252 -Duser.country=US -Duser.language=en -Duser.variant 
java_command: educanet.Main
java_class_path (initial): C:\Users\bezou\Google Drive\Educanet\2020-2021\Game dev\ekuel gamedev\openglex3-sprity\Matrix\build\classes\java\main;C:\Users\bezou\Google Drive\Educanet\2020-2021\Game dev\ekuel gamedev\openglex3-sprity\Matrix\build\resources\main;C:\Users\bezou\.gradle\caches\modules-2\files-2.1\org.lwjgl\lwjgl-assimp\3.2.3\f62aa07a20afbdd3097efc296c4841e0d29700eb\lwjgl-assimp-3.2.3.jar;C:\Users\bezou\.gradle\caches\modules-2\files-2.1\org.lwjgl\lwjgl-assimp\3.2.3\4e60aeb75f0343c4a9ede4ef8b6b32ca702a00a3\lwjgl-assimp-3.2.3-natives-windows.jar;C:\Users\bezou\.gradle\caches\modules-2\files-2.1\org.lwjgl\lwjgl-glfw\3.2.3\5e520d5c290c8b012545a8d34fa5db5ab051ea53\lwjgl-glfw-3.2.3.jar;C:\Users\bezou\.gradle\caches\modules-2\files-2.1\org.lwjgl\lwjgl-glfw\3.2.3\b4d8a3477cdc2edcf7a5f1e822926be846223f54\lwjgl-glfw-3.2.3-natives-windows.jar;C:\Users\bezou\.gradle\caches\modules-2\files-2.1\org.lwjgl\lwjgl-openal\3.2.3\106742e805803ab9eab8e343f0fb31a3d263903c\lwjgl-openal-3.2.3.jar;C:\Users\bezou\.gradle\caches\modules-2\files-2.1\org.lwjgl\lwjgl-openal\3.2.3\ec898e8ce11b5886f4f532a1536283ef2817758d\lwjgl-openal-3.2.3-natives-windows.jar;C:\Users\bezou\.gradle\caches\modules-2\files-2.1\org.lwjgl\lwjgl-opengl\3.2.3\bdd534a323d0c8f54969b95e424b6ac8984f7d6e\lwjgl-opengl-3.2.3.jar;C:\Users\bezou\.gradle\caches\modules-2\files-2.1\org.lwjgl\lwjgl-opengl\3.2.3\e81cfc73ec8708e5e791ed770e4ec3edfc1bbab1\lwjgl-opengl-3.2.3-natives-windows.jar;C:\Users\bezou\.gradle\caches\modules-2\files-2.1\org.lwjgl\lwjgl-stb\3.2.3\40eccaa4fa86fc815f2e17946a392fb5fdcc286a\lwjgl-stb-3.2.3.jar;C:\Users\bezou\.gradle\caches\modules-2\files-2.1\org.lwjgl\lwjgl-stb\3.2.3\817b21ec286f0ba3dcedb56a3bd275e6a9345be9\lwjgl-stb-3.2.3-natives-windows.jar;C:\Users\bezou\.gradle\caches\modules-2\files-2.1\org.lwjgl\lwjgl\3.2.3\17a59ba0fe8d474ec9dbe0d5db40d2cfe59c4c08\lwjgl-3.2.3.jar;C:\Users\bezou\.gradle\caches\modules-2\files-2.1\org.lwjgl\lwjgl\3.2.3\27f32cd35349684745951e04388e8e00d681cdcd\lwjg
Launcher Type: SUN_STANDARD

[Global flags]
     intx CICompilerCount                          = 3                                         {product} {ergonomic}
     uint ConcGCThreads                            = 1                                         {product} {ergonomic}
     uint G1ConcRefinementThreads                  = 4                                         {product} {ergonomic}
   size_t G1HeapRegionSize                         = 1048576                                   {product} {ergonomic}
    uintx GCDrainStackTargetSize                   = 64                                        {product} {ergonomic}
   size_t InitialHeapSize                          = 197132288                                 {product} {ergonomic}
   size_t MarkStackSize                            = 4194304                                   {product} {ergonomic}
   size_t MaxHeapSize                              = 3139436544                                {product} {ergonomic}
   size_t MaxNewSize                               = 1883242496                                {product} {ergonomic}
   size_t MinHeapDeltaBytes                        = 1048576                                   {product} {ergonomic}
   size_t MinHeapSize                              = 8388608                                   {product} {ergonomic}
    uintx NonNMethodCodeHeapSize                   = 5832780                                {pd product} {ergonomic}
    uintx NonProfiledCodeHeapSize                  = 122912730                              {pd product} {ergonomic}
    uintx ProfiledCodeHeapSize                     = 122912730                              {pd product} {ergonomic}
    uintx ReservedCodeCacheSize                    = 251658240                              {pd product} {ergonomic}
     bool SegmentedCodeCache                       = true                                      {product} {ergonomic}
   size_t SoftMaxHeapSize                          = 3139436544                             {manageable} {ergonomic}
     bool UseCompressedClassPointers               = true                                 {lp64_product} {ergonomic}
     bool UseCompressedOops                        = true                                 {lp64_product} {ergonomic}
     bool UseG1GC                                  = true                                      {product} {ergonomic}
     bool UseLargePagesIndividualAllocation        = false                                  {pd product} {ergonomic}

Logging:
Log output configuration:
 #0: stdout all=warning uptime,level,tags
 #1: stderr all=off uptime,level,tags

Environment Variables:
PATH=C:\Program Files (x86)\PC Connectivity Solution\;C:\Program Files (x86)\NVIDIA Corporation\PhysX\Common;C:\WINDOWS\system32;C:\WINDOWS;C:\WINDOWS\System32\Wbem;C:\WINDOWS\System32\WindowsPowerShell\v1.0\;C:\WINDOWS\System32\OpenSSH\;C:\Program Files\Java\jdk-13.0.1\bin;C:\Program Files\Intel\WiFi\bin\;C:\Program Files\Common Files\Intel\WirelessCommon\;C:\Program Files\Git\cmd;C:\Program Files\nodejs\;C:\Users\bezou\AppData\Local\Microsoft\WindowsApps;C:\Program Files\JetBrains\IntelliJ IDEA 2020.3\bin;;C:\Program Files\Intel\WiFi\bin\;C:\Program Files\Common Files\Intel\WirelessCommon\;C:\Users\bezou\AppData\Local\GitHubDesktop\bin;C:\Users\bezou\AppData\Roaming\npm
USERNAME=bezou
OS=Windows_NT
PROCESSOR_IDENTIFIER=Intel64 Family 6 Model 69 Stepping 1, GenuineIntel



---------------  S Y S T E M  ---------------

OS: Windows 10 , 64 bit Build 19041 (10.0.19041.1023)
OS uptime: 4 days 2:01 hours

CPU:total 4 (initial active 4) (2 cores per cpu, 2 threads per core) family 6 model 69 stepping 1, cmov, cx8, fxsr, mmx, sse, sse2, sse3, ssse3, sse4.1, sse4.2, popcnt, avx, avx2, aes, clmul, erms, lzcnt, ht, tsc, tscinvbit, bmi1, bmi2, fma

Memory: 4k page, system-wide physical 11974M (2350M free)
TotalPageFile size 16632M (AvailPageFile size 3782M)
current process WorkingSet (physical memory assigned to process): 86M, peak: 91M
current process commit charge ("private bytes"): 303M, peak: 310M

vm_info: OpenJDK 64-Bit Server VM (14.0.2+12) for windows-amd64 JRE (14.0.2+12), built on Jul 15 2020 11:30:16 by "" with MS VC++ 15.9 (VS2017)

END.
